<?xml version='1.0' encoding='UTF-8'?>
<testsuite hostname="DESKTOP-L4AHCQ5" name="adpro.ParSpec" tests="20" errors="0" failures="8" skipped="0" time="2.387" timestamp="2021-10-07T17:59:17">
          <properties>
[...]
</properties>
          <testcase classname="adpro.ParSpec" name="Exercise 10 (extension methods) An extension for map is created (we only test types)" time="0.031">
                      <failure message="Expected no compiler error, but got the following type error: &quot;value map is not a member of adpro.Par.Par[Int]&quot;, for code: 
         import Par._
         def f (l: Par[Int]): Par[String] = l.map (_.toString)
      " type="org.scalatest.exceptions.TestFailedException">org.scalatest.exceptions.TestFailedException: Expected no compiler error, but got the following type error: &quot;value map is not a member of adpro.Par.Par[Int]&quot;, for code: 
         import Par._
         def f (l: Par[Int]): Par[String] = l.map (_.toString)
      
	at adpro.ParSpec.$anonfun$new$2(ParSpec.scala:64)
	at org.scalatest.OutcomeOf.outcomeOf(OutcomeOf.scala:85)
	at org.scalatest.OutcomeOf.outcomeOf$(OutcomeOf.scala:83)
	at org.scalatest.OutcomeOf$.outcomeOf(OutcomeOf.scala:104)
	at org.scalatest.Transformer.apply(Transformer.scala:22)
	at org.scalatest.Transformer.apply(Transformer.scala:20)
	at org.scalatest.freespec.AnyFreeSpecLike$$anon$1.apply(AnyFreeSpecLike.scala:406)
	at org.scalatest.TestSuite.withFixture(TestSuite.scala:196)
	at org.scalatest.TestSuite.withFixture$(TestSuite.scala:195)
	at org.scalatest.freespec.AnyFreeSpec.withFixture(AnyFreeSpec.scala:1739)
	at org.scalatest.freespec.AnyFreeSpecLike.invokeWithFixture$1(AnyFreeSpecLike.scala:404)
	at org.scalatest.freespec.AnyFreeSpecLike.$anonfun$runTest$1(AnyFreeSpecLike.scala:416)
	at org.scalatest.SuperEngine.runTestImpl(Engine.scala:306)
	at org.scalatest.freespec.AnyFreeSpecLike.runTest(AnyFreeSpecLike.scala:416)
	at org.scalatest.freespec.AnyFreeSpecLike.runTest$(AnyFreeSpecLike.scala:398)
	at org.scalatest.freespec.AnyFreeSpec.runTest(AnyFreeSpec.scala:1739)
	at org.scalatest.freespec.AnyFreeSpecLike.$anonfun$runTests$1(AnyFreeSpecLike.scala:475)
	at org.scalatest.SuperEngine.$anonfun$runTestsInBranch$1(Engine.scala:413)
	at scala.collection.immutable.List.foreach(List.scala:333)
	at org.scalatest.SuperEngine.traverseSubNodes$1(Engine.scala:401)
	at org.scalatest.SuperEngine.runTestsInBranch(Engine.scala:390)
	at org.scalatest.SuperEngine.$anonfun$runTestsInBranch$1(Engine.scala:427)
	at scala.collection.immutable.List.foreach(List.scala:333)
	at org.scalatest.SuperEngine.traverseSubNodes$1(Engine.scala:401)
	at org.scalatest.SuperEngine.runTestsInBranch(Engine.scala:396)
	at org.scalatest.SuperEngine.runTestsImpl(Engine.scala:475)
	at org.scalatest.freespec.AnyFreeSpecLike.runTests(AnyFreeSpecLike.scala:475)
	at org.scalatest.freespec.AnyFreeSpecLike.runTests$(AnyFreeSpecLike.scala:474)
	at org.scalatest.freespec.AnyFreeSpec.runTests(AnyFreeSpec.scala:1739)
	at org.scalatest.Suite.run(Suite.scala:1112)
	at org.scalatest.Suite.run$(Suite.scala:1094)
	at org.scalatest.freespec.AnyFreeSpec.org$scalatest$freespec$AnyFreeSpecLike$$super$run(AnyFreeSpec.scala:1739)
	at org.scalatest.freespec.AnyFreeSpecLike.$anonfun$run$1(AnyFreeSpecLike.scala:519)
	at org.scalatest.SuperEngine.runImpl(Engine.scala:535)
	at org.scalatest.freespec.AnyFreeSpecLike.run(AnyFreeSpecLike.scala:519)
	at org.scalatest.freespec.AnyFreeSpecLike.run$(AnyFreeSpecLike.scala:518)
	at org.scalatest.freespec.AnyFreeSpec.run(AnyFreeSpec.scala:1739)
	at org.scalatest.tools.Framework.org$scalatest$tools$Framework$$runSuite(Framework.scala:318)
	at org.scalatest.tools.Framework$ScalaTestTask.execute(Framework.scala:513)
	at sbt.TestRunner.runTest$1(TestFramework.scala:140)
	at sbt.TestRunner.run(TestFramework.scala:155)
	at sbt.TestFramework$$anon$3$$anonfun$$lessinit$greater$1.$anonfun$apply$1(TestFramework.scala:318)
	at sbt.TestFramework$.sbt$TestFramework$$withContextLoader(TestFramework.scala:278)
	at sbt.TestFramework$$anon$3$$anonfun$$lessinit$greater$1.apply(TestFramework.scala:318)
	at sbt.TestFramework$$anon$3$$anonfun$$lessinit$greater$1.apply(TestFramework.scala:318)
	at sbt.TestFunction.apply(TestFramework.scala:330)
	at sbt.Tests$.processRunnable$1(Tests.scala:474)
	at sbt.Tests$.$anonfun$makeSerial$1(Tests.scala:480)
	at sbt.std.Transform$$anon$3.$anonfun$apply$2(Transform.scala:46)
	at sbt.std.Transform$$anon$4.work(Transform.scala:68)
	at sbt.Execute.$anonfun$submit$2(Execute.scala:282)
	at sbt.internal.util.ErrorHandling$.wideConvert(ErrorHandling.scala:23)
	at sbt.Execute.work(Execute.scala:291)
	at sbt.Execute.$anonfun$submit$1(Execute.scala:282)
	at sbt.ConcurrentRestrictions$$anon$4.$anonfun$submitValid$1(ConcurrentRestrictions.scala:265)
	at sbt.CompletionService$$anon$2.call(CompletionService.scala:64)
	at java.base/java.util.concurrent.FutureTask.run(FutureTask.java:264)
	at java.base/java.util.concurrent.Executors$RunnableAdapter.call(Executors.java:515)
	at java.base/java.util.concurrent.FutureTask.run(FutureTask.java:264)
	at java.base/java.util.concurrent.ThreadPoolExecutor.runWorker(ThreadPoolExecutor.java:1130)
	at java.base/java.util.concurrent.ThreadPoolExecutor$Worker.run(ThreadPoolExecutor.java:630)
	at java.base/java.lang.Thread.run(Thread.java:831)
</failure>
                    </testcase><testcase classname="adpro.ParSpec" name="Exercise 10 (extension methods) An extension for map2 is created (we only test types)" time="0.0">
                      <failure message="Expected no compiler error, but got the following type error: &quot;value map2 is not a member of adpro.Par.Par[Int]&quot;, for code: 
        import Par._
        def f (l: Par[Int], r: Par[Int]): Par[String] =
          l.map2 (r) ((l,r) =&gt; l.toString + r.toString)
      " type="org.scalatest.exceptions.TestFailedException">org.scalatest.exceptions.TestFailedException: Expected no compiler error, but got the following type error: &quot;value map2 is not a member of adpro.Par.Par[Int]&quot;, for code: 
        import Par._
        def f (l: Par[Int], r: Par[Int]): Par[String] =
          l.map2 (r) ((l,r) =&gt; l.toString + r.toString)
      
	at adpro.ParSpec.$anonfun$new$4(ParSpec.scala:72)
	at org.scalatest.OutcomeOf.outcomeOf(OutcomeOf.scala:85)
	at org.scalatest.OutcomeOf.outcomeOf$(OutcomeOf.scala:83)
	at org.scalatest.OutcomeOf$.outcomeOf(OutcomeOf.scala:104)
	at org.scalatest.Transformer.apply(Transformer.scala:22)
	at org.scalatest.Transformer.apply(Transformer.scala:20)
	at org.scalatest.freespec.AnyFreeSpecLike$$anon$1.apply(AnyFreeSpecLike.scala:406)
	at org.scalatest.TestSuite.withFixture(TestSuite.scala:196)
	at org.scalatest.TestSuite.withFixture$(TestSuite.scala:195)
	at org.scalatest.freespec.AnyFreeSpec.withFixture(AnyFreeSpec.scala:1739)
	at org.scalatest.freespec.AnyFreeSpecLike.invokeWithFixture$1(AnyFreeSpecLike.scala:404)
	at org.scalatest.freespec.AnyFreeSpecLike.$anonfun$runTest$1(AnyFreeSpecLike.scala:416)
	at org.scalatest.SuperEngine.runTestImpl(Engine.scala:306)
	at org.scalatest.freespec.AnyFreeSpecLike.runTest(AnyFreeSpecLike.scala:416)
	at org.scalatest.freespec.AnyFreeSpecLike.runTest$(AnyFreeSpecLike.scala:398)
	at org.scalatest.freespec.AnyFreeSpec.runTest(AnyFreeSpec.scala:1739)
	at org.scalatest.freespec.AnyFreeSpecLike.$anonfun$runTests$1(AnyFreeSpecLike.scala:475)
	at org.scalatest.SuperEngine.$anonfun$runTestsInBranch$1(Engine.scala:413)
	at scala.collection.immutable.List.foreach(List.scala:333)
	at org.scalatest.SuperEngine.traverseSubNodes$1(Engine.scala:401)
	at org.scalatest.SuperEngine.runTestsInBranch(Engine.scala:390)
	at org.scalatest.SuperEngine.$anonfun$runTestsInBranch$1(Engine.scala:427)
	at scala.collection.immutable.List.foreach(List.scala:333)
	at org.scalatest.SuperEngine.traverseSubNodes$1(Engine.scala:401)
	at org.scalatest.SuperEngine.runTestsInBranch(Engine.scala:396)
	at org.scalatest.SuperEngine.runTestsImpl(Engine.scala:475)
	at org.scalatest.freespec.AnyFreeSpecLike.runTests(AnyFreeSpecLike.scala:475)
	at org.scalatest.freespec.AnyFreeSpecLike.runTests$(AnyFreeSpecLike.scala:474)
	at org.scalatest.freespec.AnyFreeSpec.runTests(AnyFreeSpec.scala:1739)
	at org.scalatest.Suite.run(Suite.scala:1112)
	at org.scalatest.Suite.run$(Suite.scala:1094)
	at org.scalatest.freespec.AnyFreeSpec.org$scalatest$freespec$AnyFreeSpecLike$$super$run(AnyFreeSpec.scala:1739)
	at org.scalatest.freespec.AnyFreeSpecLike.$anonfun$run$1(AnyFreeSpecLike.scala:519)
	at org.scalatest.SuperEngine.runImpl(Engine.scala:535)
	at org.scalatest.freespec.AnyFreeSpecLike.run(AnyFreeSpecLike.scala:519)
	at org.scalatest.freespec.AnyFreeSpecLike.run$(AnyFreeSpecLike.scala:518)
	at org.scalatest.freespec.AnyFreeSpec.run(AnyFreeSpec.scala:1739)
	at org.scalatest.tools.Framework.org$scalatest$tools$Framework$$runSuite(Framework.scala:318)
	at org.scalatest.tools.Framework$ScalaTestTask.execute(Framework.scala:513)
	at sbt.TestRunner.runTest$1(TestFramework.scala:140)
	at sbt.TestRunner.run(TestFramework.scala:155)
	at sbt.TestFramework$$anon$3$$anonfun$$lessinit$greater$1.$anonfun$apply$1(TestFramework.scala:318)
	at sbt.TestFramework$.sbt$TestFramework$$withContextLoader(TestFramework.scala:278)
	at sbt.TestFramework$$anon$3$$anonfun$$lessinit$greater$1.apply(TestFramework.scala:318)
	at sbt.TestFramework$$anon$3$$anonfun$$lessinit$greater$1.apply(TestFramework.scala:318)
	at sbt.TestFunction.apply(TestFramework.scala:330)
	at sbt.Tests$.processRunnable$1(Tests.scala:474)
	at sbt.Tests$.$anonfun$makeSerial$1(Tests.scala:480)
	at sbt.std.Transform$$anon$3.$anonfun$apply$2(Transform.scala:46)
	at sbt.std.Transform$$anon$4.work(Transform.scala:68)
	at sbt.Execute.$anonfun$submit$2(Execute.scala:282)
	at sbt.internal.util.ErrorHandling$.wideConvert(ErrorHandling.scala:23)
	at sbt.Execute.work(Execute.scala:291)
	at sbt.Execute.$anonfun$submit$1(Execute.scala:282)
	at sbt.ConcurrentRestrictions$$anon$4.$anonfun$submitValid$1(ConcurrentRestrictions.scala:265)
	at sbt.CompletionService$$anon$2.call(CompletionService.scala:64)
	at java.base/java.util.concurrent.FutureTask.run(FutureTask.java:264)
	at java.base/java.util.concurrent.Executors$RunnableAdapter.call(Executors.java:515)
	at java.base/java.util.concurrent.FutureTask.run(FutureTask.java:264)
	at java.base/java.util.concurrent.ThreadPoolExecutor.runWorker(ThreadPoolExecutor.java:1130)
	at java.base/java.util.concurrent.ThreadPoolExecutor$Worker.run(ThreadPoolExecutor.java:630)
	at java.base/java.lang.Thread.run(Thread.java:831)
</failure>
                    </testcase><testcase classname="adpro.ParSpec" name="Exercise 10 (extension methods) An extension for chooser is created (we only test types)" time="0.0">
                      <failure message="Expected no compiler error, but got the following type error: &quot;value chooser is not a member of adpro.Par.Par[A]&quot;, for code: 
        import Par._
        def f[A] (pa: Par[A]) (pm: A =&gt; Par[Int]): Par[Int] =
          pa.chooser[Int] (pm)
      " type="org.scalatest.exceptions.TestFailedException">org.scalatest.exceptions.TestFailedException: Expected no compiler error, but got the following type error: &quot;value chooser is not a member of adpro.Par.Par[A]&quot;, for code: 
        import Par._
        def f[A] (pa: Par[A]) (pm: A =&gt; Par[Int]): Par[Int] =
          pa.chooser[Int] (pm)
      
	at adpro.ParSpec.$anonfun$new$6(ParSpec.scala:80)
	at org.scalatest.OutcomeOf.outcomeOf(OutcomeOf.scala:85)
	at org.scalatest.OutcomeOf.outcomeOf$(OutcomeOf.scala:83)
	at org.scalatest.OutcomeOf$.outcomeOf(OutcomeOf.scala:104)
	at org.scalatest.Transformer.apply(Transformer.scala:22)
	at org.scalatest.Transformer.apply(Transformer.scala:20)
	at org.scalatest.freespec.AnyFreeSpecLike$$anon$1.apply(AnyFreeSpecLike.scala:406)
	at org.scalatest.TestSuite.withFixture(TestSuite.scala:196)
	at org.scalatest.TestSuite.withFixture$(TestSuite.scala:195)
	at org.scalatest.freespec.AnyFreeSpec.withFixture(AnyFreeSpec.scala:1739)
	at org.scalatest.freespec.AnyFreeSpecLike.invokeWithFixture$1(AnyFreeSpecLike.scala:404)
	at org.scalatest.freespec.AnyFreeSpecLike.$anonfun$runTest$1(AnyFreeSpecLike.scala:416)
	at org.scalatest.SuperEngine.runTestImpl(Engine.scala:306)
	at org.scalatest.freespec.AnyFreeSpecLike.runTest(AnyFreeSpecLike.scala:416)
	at org.scalatest.freespec.AnyFreeSpecLike.runTest$(AnyFreeSpecLike.scala:398)
	at org.scalatest.freespec.AnyFreeSpec.runTest(AnyFreeSpec.scala:1739)
	at org.scalatest.freespec.AnyFreeSpecLike.$anonfun$runTests$1(AnyFreeSpecLike.scala:475)
	at org.scalatest.SuperEngine.$anonfun$runTestsInBranch$1(Engine.scala:413)
	at scala.collection.immutable.List.foreach(List.scala:333)
	at org.scalatest.SuperEngine.traverseSubNodes$1(Engine.scala:401)
	at org.scalatest.SuperEngine.runTestsInBranch(Engine.scala:390)
	at org.scalatest.SuperEngine.$anonfun$runTestsInBranch$1(Engine.scala:427)
	at scala.collection.immutable.List.foreach(List.scala:333)
	at org.scalatest.SuperEngine.traverseSubNodes$1(Engine.scala:401)
	at org.scalatest.SuperEngine.runTestsInBranch(Engine.scala:396)
	at org.scalatest.SuperEngine.runTestsImpl(Engine.scala:475)
	at org.scalatest.freespec.AnyFreeSpecLike.runTests(AnyFreeSpecLike.scala:475)
	at org.scalatest.freespec.AnyFreeSpecLike.runTests$(AnyFreeSpecLike.scala:474)
	at org.scalatest.freespec.AnyFreeSpec.runTests(AnyFreeSpec.scala:1739)
	at org.scalatest.Suite.run(Suite.scala:1112)
	at org.scalatest.Suite.run$(Suite.scala:1094)
	at org.scalatest.freespec.AnyFreeSpec.org$scalatest$freespec$AnyFreeSpecLike$$super$run(AnyFreeSpec.scala:1739)
	at org.scalatest.freespec.AnyFreeSpecLike.$anonfun$run$1(AnyFreeSpecLike.scala:519)
	at org.scalatest.SuperEngine.runImpl(Engine.scala:535)
	at org.scalatest.freespec.AnyFreeSpecLike.run(AnyFreeSpecLike.scala:519)
	at org.scalatest.freespec.AnyFreeSpecLike.run$(AnyFreeSpecLike.scala:518)
	at org.scalatest.freespec.AnyFreeSpec.run(AnyFreeSpec.scala:1739)
	at org.scalatest.tools.Framework.org$scalatest$tools$Framework$$runSuite(Framework.scala:318)
	at org.scalatest.tools.Framework$ScalaTestTask.execute(Framework.scala:513)
	at sbt.TestRunner.runTest$1(TestFramework.scala:140)
	at sbt.TestRunner.run(TestFramework.scala:155)
	at sbt.TestFramework$$anon$3$$anonfun$$lessinit$greater$1.$anonfun$apply$1(TestFramework.scala:318)
	at sbt.TestFramework$.sbt$TestFramework$$withContextLoader(TestFramework.scala:278)
	at sbt.TestFramework$$anon$3$$anonfun$$lessinit$greater$1.apply(TestFramework.scala:318)
	at sbt.TestFramework$$anon$3$$anonfun$$lessinit$greater$1.apply(TestFramework.scala:318)
	at sbt.TestFunction.apply(TestFramework.scala:330)
	at sbt.Tests$.processRunnable$1(Tests.scala:474)
	at sbt.Tests$.$anonfun$makeSerial$1(Tests.scala:480)
	at sbt.std.Transform$$anon$3.$anonfun$apply$2(Transform.scala:46)
	at sbt.std.Transform$$anon$4.work(Transform.scala:68)
	at sbt.Execute.$anonfun$submit$2(Execute.scala:282)
	at sbt.internal.util.ErrorHandling$.wideConvert(ErrorHandling.scala:23)
	at sbt.Execute.work(Execute.scala:291)
	at sbt.Execute.$anonfun$submit$1(Execute.scala:282)
	at sbt.ConcurrentRestrictions$$anon$4.$anonfun$submitValid$1(ConcurrentRestrictions.scala:265)
	at sbt.CompletionService$$anon$2.call(CompletionService.scala:64)
	at java.base/java.util.concurrent.FutureTask.run(FutureTask.java:264)
	at java.base/java.util.concurrent.Executors$RunnableAdapter.call(Executors.java:515)
	at java.base/java.util.concurrent.FutureTask.run(FutureTask.java:264)
	at java.base/java.util.concurrent.ThreadPoolExecutor.runWorker(ThreadPoolExecutor.java:1130)
	at java.base/java.util.concurrent.ThreadPoolExecutor$Worker.run(ThreadPoolExecutor.java:630)
	at java.base/java.lang.Thread.run(Thread.java:831)
</failure>
                    </testcase><testcase classname="adpro.ParSpec" name="Exercise 9 (join) join really joins (the test is a bit weak)" time="0.172">
                      <failure message="NotImplementedError was thrown during property evaluation.
  Message: an implementation is missing
  Occurred when passed generated values (
    n = 0 // 32 shrinks
  )" type="org.scalatest.exceptions.GeneratorDrivenPropertyCheckFailedException">org.scalatest.exceptions.GeneratorDrivenPropertyCheckFailedException: NotImplementedError was thrown during property evaluation.
  Message: an implementation is missing
  Occurred when passed generated values (
    n = 0 // 32 shrinks
  )
	at org.scalatestplus.scalacheck.CheckerAsserting$$anon$2.indicateFailure(CheckerAsserting.scala:251)
	at org.scalatestplus.scalacheck.CheckerAsserting$$anon$2.indicateFailure(CheckerAsserting.scala:238)
	at org.scalatestplus.scalacheck.UnitCheckerAsserting$CheckerAssertingImpl.check(CheckerAsserting.scala:160)
	at org.scalatestplus.scalacheck.ScalaCheckDrivenPropertyChecks.forAll(ScalaCheckDrivenPropertyChecks.scala:950)
	at org.scalatestplus.scalacheck.ScalaCheckDrivenPropertyChecks.forAll$(ScalaCheckDrivenPropertyChecks.scala:919)
	at adpro.ParSpec.forAll(ParSpec.scala:10)
	at adpro.ParSpec.$anonfun$new$9(ParSpec.scala:89)
	at org.scalatest.OutcomeOf.outcomeOf(OutcomeOf.scala:85)
	at org.scalatest.OutcomeOf.outcomeOf$(OutcomeOf.scala:83)
	at org.scalatest.OutcomeOf$.outcomeOf(OutcomeOf.scala:104)
	at org.scalatest.Transformer.apply(Transformer.scala:22)
	at org.scalatest.Transformer.apply(Transformer.scala:20)
	at org.scalatest.freespec.AnyFreeSpecLike$$anon$1.apply(AnyFreeSpecLike.scala:406)
	at org.scalatest.TestSuite.withFixture(TestSuite.scala:196)
	at org.scalatest.TestSuite.withFixture$(TestSuite.scala:195)
	at org.scalatest.freespec.AnyFreeSpec.withFixture(AnyFreeSpec.scala:1739)
	at org.scalatest.freespec.AnyFreeSpecLike.invokeWithFixture$1(AnyFreeSpecLike.scala:404)
	at org.scalatest.freespec.AnyFreeSpecLike.$anonfun$runTest$1(AnyFreeSpecLike.scala:416)
	at org.scalatest.SuperEngine.runTestImpl(Engine.scala:306)
	at org.scalatest.freespec.AnyFreeSpecLike.runTest(AnyFreeSpecLike.scala:416)
	at org.scalatest.freespec.AnyFreeSpecLike.runTest$(AnyFreeSpecLike.scala:398)
	at org.scalatest.freespec.AnyFreeSpec.runTest(AnyFreeSpec.scala:1739)
	at org.scalatest.freespec.AnyFreeSpecLike.$anonfun$runTests$1(AnyFreeSpecLike.scala:475)
	at org.scalatest.SuperEngine.$anonfun$runTestsInBranch$1(Engine.scala:413)
	at scala.collection.immutable.List.foreach(List.scala:333)
	at org.scalatest.SuperEngine.traverseSubNodes$1(Engine.scala:401)
	at org.scalatest.SuperEngine.runTestsInBranch(Engine.scala:390)
	at org.scalatest.SuperEngine.$anonfun$runTestsInBranch$1(Engine.scala:427)
	at scala.collection.immutable.List.foreach(List.scala:333)
	at org.scalatest.SuperEngine.traverseSubNodes$1(Engine.scala:401)
	at org.scalatest.SuperEngine.runTestsInBranch(Engine.scala:396)
	at org.scalatest.SuperEngine.runTestsImpl(Engine.scala:475)
	at org.scalatest.freespec.AnyFreeSpecLike.runTests(AnyFreeSpecLike.scala:475)
	at org.scalatest.freespec.AnyFreeSpecLike.runTests$(AnyFreeSpecLike.scala:474)
	at org.scalatest.freespec.AnyFreeSpec.runTests(AnyFreeSpec.scala:1739)
	at org.scalatest.Suite.run(Suite.scala:1112)
	at org.scalatest.Suite.run$(Suite.scala:1094)
	at org.scalatest.freespec.AnyFreeSpec.org$scalatest$freespec$AnyFreeSpecLike$$super$run(AnyFreeSpec.scala:1739)
	at org.scalatest.freespec.AnyFreeSpecLike.$anonfun$run$1(AnyFreeSpecLike.scala:519)
	at org.scalatest.SuperEngine.runImpl(Engine.scala:535)
	at org.scalatest.freespec.AnyFreeSpecLike.run(AnyFreeSpecLike.scala:519)
	at org.scalatest.freespec.AnyFreeSpecLike.run$(AnyFreeSpecLike.scala:518)
	at org.scalatest.freespec.AnyFreeSpec.run(AnyFreeSpec.scala:1739)
	at org.scalatest.tools.Framework.org$scalatest$tools$Framework$$runSuite(Framework.scala:318)
	at org.scalatest.tools.Framework$ScalaTestTask.execute(Framework.scala:513)
	at sbt.TestRunner.runTest$1(TestFramework.scala:140)
	at sbt.TestRunner.run(TestFramework.scala:155)
	at sbt.TestFramework$$anon$3$$anonfun$$lessinit$greater$1.$anonfun$apply$1(TestFramework.scala:318)
	at sbt.TestFramework$.sbt$TestFramework$$withContextLoader(TestFramework.scala:278)
	at sbt.TestFramework$$anon$3$$anonfun$$lessinit$greater$1.apply(TestFramework.scala:318)
	at sbt.TestFramework$$anon$3$$anonfun$$lessinit$greater$1.apply(TestFramework.scala:318)
	at sbt.TestFunction.apply(TestFramework.scala:330)
	at sbt.Tests$.processRunnable$1(Tests.scala:474)
	at sbt.Tests$.$anonfun$makeSerial$1(Tests.scala:480)
	at sbt.std.Transform$$anon$3.$anonfun$apply$2(Transform.scala:46)
	at sbt.std.Transform$$anon$4.work(Transform.scala:68)
	at sbt.Execute.$anonfun$submit$2(Execute.scala:282)
	at sbt.internal.util.ErrorHandling$.wideConvert(ErrorHandling.scala:23)
	at sbt.Execute.work(Execute.scala:291)
	at sbt.Execute.$anonfun$submit$1(Execute.scala:282)
	at sbt.ConcurrentRestrictions$$anon$4.$anonfun$submitValid$1(ConcurrentRestrictions.scala:265)
	at sbt.CompletionService$$anon$2.call(CompletionService.scala:64)
	at java.base/java.util.concurrent.FutureTask.run(FutureTask.java:264)
	at java.base/java.util.concurrent.Executors$RunnableAdapter.call(Executors.java:515)
	at java.base/java.util.concurrent.FutureTask.run(FutureTask.java:264)
	at java.base/java.util.concurrent.ThreadPoolExecutor.runWorker(ThreadPoolExecutor.java:1130)
	at java.base/java.util.concurrent.ThreadPoolExecutor$Worker.run(ThreadPoolExecutor.java:630)
	at java.base/java.lang.Thread.run(Thread.java:831)
Caused by: scala.NotImplementedError: an implementation is missing
	at scala.Predef$.$qmark$qmark$qmark(Predef.scala:345)
	at adpro.Par$.join(Par.scala:160)
	at adpro.ParSpec.$anonfun$new$10(ParSpec.scala:90)
	at adpro.ParSpec.$anonfun$new$10$adapted(ParSpec.scala:89)
	at org.scalatestplus.scalacheck.ScalaCheckDrivenPropertyChecks.liftedTree8$1(ScalaCheckDrivenPropertyChecks.scala:930)
	at org.scalatestplus.scalacheck.ScalaCheckDrivenPropertyChecks.$anonfun$forAll$4(ScalaCheckDrivenPropertyChecks.scala:929)
	at scala.Function1.$anonfun$andThen$1(Function1.scala:85)
	at org.scalacheck.Prop$.$anonfun$forAllShrink$2(Prop.scala:765)
	at org.scalacheck.Prop$.secure(Prop.scala:475)
	at org.scalacheck.Prop$.result$1(Prop.scala:765)
	at org.scalacheck.Prop$.$anonfun$forAllShrink$4(Prop.scala:774)
	at scala.collection.immutable.Stream.map(Stream.scala:173)
	at org.scalacheck.Prop$.getFirstFailure$1(Prop.scala:774)
	at org.scalacheck.Prop$.shrinker$1(Prop.scala:784)
	at org.scalacheck.Prop$.$anonfun$forAllShrink$1(Prop.scala:805)
	at org.scalacheck.Prop$.$anonfun$apply$1(Prop.scala:308)
	at org.scalacheck.PropFromFun.apply(Prop.scala:21)
	at org.scalacheck.Test$.workerFun$1(Test.scala:424)
	at org.scalacheck.Test$.$anonfun$check$1(Test.scala:453)
	at org.scalacheck.Test$.$anonfun$check$1$adapted(Test.scala:453)
	at org.scalacheck.Platform$.runWorkers(Platform.scala:40)
	at org.scalacheck.Test$.check(Test.scala:453)
	at org.scalatestplus.scalacheck.UnitCheckerAsserting$CheckerAssertingImpl.check(CheckerAsserting.scala:90)
	... 65 more
</failure>
                    </testcase><testcase classname="adpro.ParSpec" name="Exercise 8 (chooser) chooser returns the right computation" time="0.053">
                      <failure message="GeneratorDrivenPropertyCheckFailedException was thrown during property evaluation.
  Message: NotImplementedError was thrown during property evaluation.
  Message: an implementation is missing
  Occurred when passed generated values (
    l = List() // 7 shrinks
  )
  Location: (ParSpec.scala:101)
  Occurred when passed generated values (
    n = 0 // 6 shrinks
  )" type="org.scalatest.exceptions.GeneratorDrivenPropertyCheckFailedException">org.scalatest.exceptions.GeneratorDrivenPropertyCheckFailedException: GeneratorDrivenPropertyCheckFailedException was thrown during property evaluation.
  Message: NotImplementedError was thrown during property evaluation.
  Message: an implementation is missing
  Occurred when passed generated values (
    l = List() // 7 shrinks
  )
  Location: (ParSpec.scala:101)
  Occurred when passed generated values (
    n = 0 // 6 shrinks
  )
	at org.scalatestplus.scalacheck.CheckerAsserting$$anon$2.indicateFailure(CheckerAsserting.scala:251)
	at org.scalatestplus.scalacheck.CheckerAsserting$$anon$2.indicateFailure(CheckerAsserting.scala:238)
	at org.scalatestplus.scalacheck.UnitCheckerAsserting$CheckerAssertingImpl.check(CheckerAsserting.scala:160)
	at org.scalatestplus.scalacheck.ScalaCheckDrivenPropertyChecks.forAll(ScalaCheckDrivenPropertyChecks.scala:1067)
	at org.scalatestplus.scalacheck.ScalaCheckDrivenPropertyChecks.forAll$(ScalaCheckDrivenPropertyChecks.scala:1033)
	at adpro.ParSpec.forAll(ParSpec.scala:10)
	at adpro.ParSpec.$anonfun$new$14(ParSpec.scala:100)
	at org.scalatest.OutcomeOf.outcomeOf(OutcomeOf.scala:85)
	at org.scalatest.OutcomeOf.outcomeOf$(OutcomeOf.scala:83)
	at org.scalatest.OutcomeOf$.outcomeOf(OutcomeOf.scala:104)
	at org.scalatest.Transformer.apply(Transformer.scala:22)
	at org.scalatest.Transformer.apply(Transformer.scala:20)
	at org.scalatest.freespec.AnyFreeSpecLike$$anon$1.apply(AnyFreeSpecLike.scala:406)
	at org.scalatest.TestSuite.withFixture(TestSuite.scala:196)
	at org.scalatest.TestSuite.withFixture$(TestSuite.scala:195)
	at org.scalatest.freespec.AnyFreeSpec.withFixture(AnyFreeSpec.scala:1739)
	at org.scalatest.freespec.AnyFreeSpecLike.invokeWithFixture$1(AnyFreeSpecLike.scala:404)
	at org.scalatest.freespec.AnyFreeSpecLike.$anonfun$runTest$1(AnyFreeSpecLike.scala:416)
	at org.scalatest.SuperEngine.runTestImpl(Engine.scala:306)
	at org.scalatest.freespec.AnyFreeSpecLike.runTest(AnyFreeSpecLike.scala:416)
	at org.scalatest.freespec.AnyFreeSpecLike.runTest$(AnyFreeSpecLike.scala:398)
	at org.scalatest.freespec.AnyFreeSpec.runTest(AnyFreeSpec.scala:1739)
	at org.scalatest.freespec.AnyFreeSpecLike.$anonfun$runTests$1(AnyFreeSpecLike.scala:475)
	at org.scalatest.SuperEngine.$anonfun$runTestsInBranch$1(Engine.scala:413)
	at scala.collection.immutable.List.foreach(List.scala:333)
	at org.scalatest.SuperEngine.traverseSubNodes$1(Engine.scala:401)
	at org.scalatest.SuperEngine.runTestsInBranch(Engine.scala:390)
	at org.scalatest.SuperEngine.$anonfun$runTestsInBranch$1(Engine.scala:427)
	at scala.collection.immutable.List.foreach(List.scala:333)
	at org.scalatest.SuperEngine.traverseSubNodes$1(Engine.scala:401)
	at org.scalatest.SuperEngine.runTestsInBranch(Engine.scala:396)
	at org.scalatest.SuperEngine.runTestsImpl(Engine.scala:475)
	at org.scalatest.freespec.AnyFreeSpecLike.runTests(AnyFreeSpecLike.scala:475)
	at org.scalatest.freespec.AnyFreeSpecLike.runTests$(AnyFreeSpecLike.scala:474)
	at org.scalatest.freespec.AnyFreeSpec.runTests(AnyFreeSpec.scala:1739)
	at org.scalatest.Suite.run(Suite.scala:1112)
	at org.scalatest.Suite.run$(Suite.scala:1094)
	at org.scalatest.freespec.AnyFreeSpec.org$scalatest$freespec$AnyFreeSpecLike$$super$run(AnyFreeSpec.scala:1739)
	at org.scalatest.freespec.AnyFreeSpecLike.$anonfun$run$1(AnyFreeSpecLike.scala:519)
	at org.scalatest.SuperEngine.runImpl(Engine.scala:535)
	at org.scalatest.freespec.AnyFreeSpecLike.run(AnyFreeSpecLike.scala:519)
	at org.scalatest.freespec.AnyFreeSpecLike.run$(AnyFreeSpecLike.scala:518)
	at org.scalatest.freespec.AnyFreeSpec.run(AnyFreeSpec.scala:1739)
	at org.scalatest.tools.Framework.org$scalatest$tools$Framework$$runSuite(Framework.scala:318)
	at org.scalatest.tools.Framework$ScalaTestTask.execute(Framework.scala:513)
	at sbt.TestRunner.runTest$1(TestFramework.scala:140)
	at sbt.TestRunner.run(TestFramework.scala:155)
	at sbt.TestFramework$$anon$3$$anonfun$$lessinit$greater$1.$anonfun$apply$1(TestFramework.scala:318)
	at sbt.TestFramework$.sbt$TestFramework$$withContextLoader(TestFramework.scala:278)
	at sbt.TestFramework$$anon$3$$anonfun$$lessinit$greater$1.apply(TestFramework.scala:318)
	at sbt.TestFramework$$anon$3$$anonfun$$lessinit$greater$1.apply(TestFramework.scala:318)
	at sbt.TestFunction.apply(TestFramework.scala:330)
	at sbt.Tests$.processRunnable$1(Tests.scala:474)
	at sbt.Tests$.$anonfun$makeSerial$1(Tests.scala:480)
	at sbt.std.Transform$$anon$3.$anonfun$apply$2(Transform.scala:46)
	at sbt.std.Transform$$anon$4.work(Transform.scala:68)
	at sbt.Execute.$anonfun$submit$2(Execute.scala:282)
	at sbt.internal.util.ErrorHandling$.wideConvert(ErrorHandling.scala:23)
	at sbt.Execute.work(Execute.scala:291)
	at sbt.Execute.$anonfun$submit$1(Execute.scala:282)
	at sbt.ConcurrentRestrictions$$anon$4.$anonfun$submitValid$1(ConcurrentRestrictions.scala:265)
	at sbt.CompletionService$$anon$2.call(CompletionService.scala:64)
	at java.base/java.util.concurrent.FutureTask.run(FutureTask.java:264)
	at java.base/java.util.concurrent.Executors$RunnableAdapter.call(Executors.java:515)
	at java.base/java.util.concurrent.FutureTask.run(FutureTask.java:264)
	at java.base/java.util.concurrent.ThreadPoolExecutor.runWorker(ThreadPoolExecutor.java:1130)
	at java.base/java.util.concurrent.ThreadPoolExecutor$Worker.run(ThreadPoolExecutor.java:630)
	at java.base/java.lang.Thread.run(Thread.java:831)
Caused by: org.scalatest.exceptions.GeneratorDrivenPropertyCheckFailedException: NotImplementedError was thrown during property evaluation.
  Message: an implementation is missing
  Occurred when passed generated values (
    l = List() // 7 shrinks
  )
	at org.scalatestplus.scalacheck.CheckerAsserting$$anon$2.indicateFailure(CheckerAsserting.scala:251)
	at org.scalatestplus.scalacheck.CheckerAsserting$$anon$2.indicateFailure(CheckerAsserting.scala:238)
	at org.scalatestplus.scalacheck.UnitCheckerAsserting$CheckerAssertingImpl.check(CheckerAsserting.scala:160)
	at org.scalatestplus.scalacheck.ScalaCheckDrivenPropertyChecks.forAll(ScalaCheckDrivenPropertyChecks.scala:1067)
	at org.scalatestplus.scalacheck.ScalaCheckDrivenPropertyChecks.forAll$(ScalaCheckDrivenPropertyChecks.scala:1033)
	at adpro.ParSpec.forAll(ParSpec.scala:10)
	at adpro.ParSpec.$anonfun$new$15(ParSpec.scala:101)
	at adpro.ParSpec.$anonfun$new$15$adapted(ParSpec.scala:100)
	at org.scalatestplus.scalacheck.ScalaCheckDrivenPropertyChecks.liftedTree10$1(ScalaCheckDrivenPropertyChecks.scala:1047)
	at org.scalatestplus.scalacheck.ScalaCheckDrivenPropertyChecks.$anonfun$forAll$10(ScalaCheckDrivenPropertyChecks.scala:1046)
	at org.scalacheck.Prop$.$anonfun$forAllShrink$2(Prop.scala:765)
	at org.scalacheck.Prop$.secure(Prop.scala:475)
	at org.scalacheck.Prop$.result$1(Prop.scala:765)
	at org.scalacheck.Prop$.$anonfun$forAllShrink$4(Prop.scala:774)
	at scala.collection.immutable.Stream.map(Stream.scala:173)
	at org.scalacheck.Prop$.getFirstFailure$1(Prop.scala:774)
	at org.scalacheck.Prop$.shrinker$1(Prop.scala:784)
	at org.scalacheck.Prop$.$anonfun$forAllShrink$1(Prop.scala:805)
	at org.scalacheck.Prop$.$anonfun$apply$1(Prop.scala:308)
	at org.scalacheck.PropFromFun.apply(Prop.scala:21)
	at org.scalacheck.Test$.workerFun$1(Test.scala:424)
	at org.scalacheck.Test$.$anonfun$check$1(Test.scala:453)
	at org.scalacheck.Test$.$anonfun$check$1$adapted(Test.scala:453)
	at org.scalacheck.Platform$.runWorkers(Platform.scala:40)
	at org.scalacheck.Test$.check(Test.scala:453)
	at org.scalatestplus.scalacheck.UnitCheckerAsserting$CheckerAssertingImpl.check(CheckerAsserting.scala:90)
	... 65 more
Caused by: scala.NotImplementedError: an implementation is missing
	at scala.Predef$.$qmark$qmark$qmark(Predef.scala:345)
	at adpro.Par$.chooser(Par.scala:156)
	at adpro.ParSpec.$anonfun$new$16(ParSpec.scala:102)
	at org.scalatestplus.scalacheck.ScalaCheckDrivenPropertyChecks.liftedTree10$1(ScalaCheckDrivenPropertyChecks.scala:1047)
	at org.scalatestplus.scalacheck.ScalaCheckDrivenPropertyChecks.$anonfun$forAll$10(ScalaCheckDrivenPropertyChecks.scala:1046)
	at org.scalacheck.Prop$.$anonfun$forAllShrink$2(Prop.scala:765)
	at org.scalacheck.Prop$.secure(Prop.scala:475)
	at org.scalacheck.Prop$.result$1(Prop.scala:765)
	at org.scalacheck.Prop$.$anonfun$forAllShrink$4(Prop.scala:774)
	at scala.collection.immutable.Stream.map(Stream.scala:173)
	at org.scalacheck.Prop$.getFirstFailure$1(Prop.scala:774)
	at org.scalacheck.Prop$.shrinker$1(Prop.scala:784)
	at org.scalacheck.Prop$.$anonfun$forAllShrink$1(Prop.scala:805)
	at org.scalacheck.Prop$.$anonfun$apply$1(Prop.scala:308)
	at org.scalacheck.PropFromFun.apply(Prop.scala:21)
	at org.scalacheck.Test$.workerFun$1(Test.scala:424)
	at org.scalacheck.Test$.$anonfun$check$1(Test.scala:453)
	at org.scalacheck.Test$.$anonfun$check$1$adapted(Test.scala:453)
	at org.scalacheck.Platform$.runWorkers(Platform.scala:40)
	at org.scalacheck.Test$.check(Test.scala:453)
	at org.scalatestplus.scalacheck.UnitCheckerAsserting$CheckerAssertingImpl.check(CheckerAsserting.scala:90)
	... 88 more
</failure>
                    </testcase><testcase classname="adpro.ParSpec" name="Exercise 7 (choiceN, choice) choiceN returns the right computation" time="0.015">
                      <failure message="an implementation is missing" type="scala.NotImplementedError">scala.NotImplementedError: an implementation is missing
	at scala.Predef$.$qmark$qmark$qmark(Predef.scala:345)
	at adpro.Par$.choiceN(Par.scala:150)
	at adpro.ParSpec.$anonfun$new$21(ParSpec.scala:114)
	at org.scalatest.OutcomeOf.outcomeOf(OutcomeOf.scala:85)
	at org.scalatest.OutcomeOf.outcomeOf$(OutcomeOf.scala:83)
	at org.scalatest.OutcomeOf$.outcomeOf(OutcomeOf.scala:104)
	at org.scalatest.Transformer.apply(Transformer.scala:22)
	at org.scalatest.Transformer.apply(Transformer.scala:20)
	at org.scalatest.freespec.AnyFreeSpecLike$$anon$1.apply(AnyFreeSpecLike.scala:406)
	at org.scalatest.TestSuite.withFixture(TestSuite.scala:196)
	at org.scalatest.TestSuite.withFixture$(TestSuite.scala:195)
	at org.scalatest.freespec.AnyFreeSpec.withFixture(AnyFreeSpec.scala:1739)
	at org.scalatest.freespec.AnyFreeSpecLike.invokeWithFixture$1(AnyFreeSpecLike.scala:404)
	at org.scalatest.freespec.AnyFreeSpecLike.$anonfun$runTest$1(AnyFreeSpecLike.scala:416)
	at org.scalatest.SuperEngine.runTestImpl(Engine.scala:306)
	at org.scalatest.freespec.AnyFreeSpecLike.runTest(AnyFreeSpecLike.scala:416)
	at org.scalatest.freespec.AnyFreeSpecLike.runTest$(AnyFreeSpecLike.scala:398)
	at org.scalatest.freespec.AnyFreeSpec.runTest(AnyFreeSpec.scala:1739)
	at org.scalatest.freespec.AnyFreeSpecLike.$anonfun$runTests$1(AnyFreeSpecLike.scala:475)
	at org.scalatest.SuperEngine.$anonfun$runTestsInBranch$1(Engine.scala:413)
	at scala.collection.immutable.List.foreach(List.scala:333)
	at org.scalatest.SuperEngine.traverseSubNodes$1(Engine.scala:401)
	at org.scalatest.SuperEngine.runTestsInBranch(Engine.scala:390)
	at org.scalatest.SuperEngine.$anonfun$runTestsInBranch$1(Engine.scala:427)
	at scala.collection.immutable.List.foreach(List.scala:333)
	at org.scalatest.SuperEngine.traverseSubNodes$1(Engine.scala:401)
	at org.scalatest.SuperEngine.runTestsInBranch(Engine.scala:396)
	at org.scalatest.SuperEngine.runTestsImpl(Engine.scala:475)
	at org.scalatest.freespec.AnyFreeSpecLike.runTests(AnyFreeSpecLike.scala:475)
	at org.scalatest.freespec.AnyFreeSpecLike.runTests$(AnyFreeSpecLike.scala:474)
	at org.scalatest.freespec.AnyFreeSpec.runTests(AnyFreeSpec.scala:1739)
	at org.scalatest.Suite.run(Suite.scala:1112)
	at org.scalatest.Suite.run$(Suite.scala:1094)
	at org.scalatest.freespec.AnyFreeSpec.org$scalatest$freespec$AnyFreeSpecLike$$super$run(AnyFreeSpec.scala:1739)
	at org.scalatest.freespec.AnyFreeSpecLike.$anonfun$run$1(AnyFreeSpecLike.scala:519)
	at org.scalatest.SuperEngine.runImpl(Engine.scala:535)
	at org.scalatest.freespec.AnyFreeSpecLike.run(AnyFreeSpecLike.scala:519)
	at org.scalatest.freespec.AnyFreeSpecLike.run$(AnyFreeSpecLike.scala:518)
	at org.scalatest.freespec.AnyFreeSpec.run(AnyFreeSpec.scala:1739)
	at org.scalatest.tools.Framework.org$scalatest$tools$Framework$$runSuite(Framework.scala:318)
	at org.scalatest.tools.Framework$ScalaTestTask.execute(Framework.scala:513)
	at sbt.TestRunner.runTest$1(TestFramework.scala:140)
	at sbt.TestRunner.run(TestFramework.scala:155)
	at sbt.TestFramework$$anon$3$$anonfun$$lessinit$greater$1.$anonfun$apply$1(TestFramework.scala:318)
	at sbt.TestFramework$.sbt$TestFramework$$withContextLoader(TestFramework.scala:278)
	at sbt.TestFramework$$anon$3$$anonfun$$lessinit$greater$1.apply(TestFramework.scala:318)
	at sbt.TestFramework$$anon$3$$anonfun$$lessinit$greater$1.apply(TestFramework.scala:318)
	at sbt.TestFunction.apply(TestFramework.scala:330)
	at sbt.Tests$.processRunnable$1(Tests.scala:474)
	at sbt.Tests$.$anonfun$makeSerial$1(Tests.scala:480)
	at sbt.std.Transform$$anon$3.$anonfun$apply$2(Transform.scala:46)
	at sbt.std.Transform$$anon$4.work(Transform.scala:68)
	at sbt.Execute.$anonfun$submit$2(Execute.scala:282)
	at sbt.internal.util.ErrorHandling$.wideConvert(ErrorHandling.scala:23)
	at sbt.Execute.work(Execute.scala:291)
	at sbt.Execute.$anonfun$submit$1(Execute.scala:282)
	at sbt.ConcurrentRestrictions$$anon$4.$anonfun$submitValid$1(ConcurrentRestrictions.scala:265)
	at sbt.CompletionService$$anon$2.call(CompletionService.scala:64)
	at java.base/java.util.concurrent.FutureTask.run(FutureTask.java:264)
	at java.base/java.util.concurrent.Executors$RunnableAdapter.call(Executors.java:515)
	at java.base/java.util.concurrent.FutureTask.run(FutureTask.java:264)
	at java.base/java.util.concurrent.ThreadPoolExecutor.runWorker(ThreadPoolExecutor.java:1130)
	at java.base/java.util.concurrent.ThreadPoolExecutor$Worker.run(ThreadPoolExecutor.java:630)
	at java.base/java.lang.Thread.run(Thread.java:831)
</failure>
                    </testcase><testcase classname="adpro.ParSpec" name="Exercise 7 (choiceN, choice) choice returns the right computation" time="0.0">
                      <failure message="NotImplementedError was thrown during property evaluation.
  Message: an implementation is missing
  Occurred when passed generated values (
    b = false
  )" type="org.scalatest.exceptions.GeneratorDrivenPropertyCheckFailedException">org.scalatest.exceptions.GeneratorDrivenPropertyCheckFailedException: NotImplementedError was thrown during property evaluation.
  Message: an implementation is missing
  Occurred when passed generated values (
    b = false
  )
	at org.scalatestplus.scalacheck.CheckerAsserting$$anon$2.indicateFailure(CheckerAsserting.scala:251)
	at org.scalatestplus.scalacheck.CheckerAsserting$$anon$2.indicateFailure(CheckerAsserting.scala:238)
	at org.scalatestplus.scalacheck.UnitCheckerAsserting$CheckerAssertingImpl.check(CheckerAsserting.scala:160)
	at org.scalatestplus.scalacheck.ScalaCheckDrivenPropertyChecks.forAll(ScalaCheckDrivenPropertyChecks.scala:950)
	at org.scalatestplus.scalacheck.ScalaCheckDrivenPropertyChecks.forAll$(ScalaCheckDrivenPropertyChecks.scala:919)
	at adpro.ParSpec.forAll(ParSpec.scala:10)
	at adpro.ParSpec.$anonfun$new$23(ParSpec.scala:124)
	at org.scalatest.OutcomeOf.outcomeOf(OutcomeOf.scala:85)
	at org.scalatest.OutcomeOf.outcomeOf$(OutcomeOf.scala:83)
	at org.scalatest.OutcomeOf$.outcomeOf(OutcomeOf.scala:104)
	at org.scalatest.Transformer.apply(Transformer.scala:22)
	at org.scalatest.Transformer.apply(Transformer.scala:20)
	at org.scalatest.freespec.AnyFreeSpecLike$$anon$1.apply(AnyFreeSpecLike.scala:406)
	at org.scalatest.TestSuite.withFixture(TestSuite.scala:196)
	at org.scalatest.TestSuite.withFixture$(TestSuite.scala:195)
	at org.scalatest.freespec.AnyFreeSpec.withFixture(AnyFreeSpec.scala:1739)
	at org.scalatest.freespec.AnyFreeSpecLike.invokeWithFixture$1(AnyFreeSpecLike.scala:404)
	at org.scalatest.freespec.AnyFreeSpecLike.$anonfun$runTest$1(AnyFreeSpecLike.scala:416)
	at org.scalatest.SuperEngine.runTestImpl(Engine.scala:306)
	at org.scalatest.freespec.AnyFreeSpecLike.runTest(AnyFreeSpecLike.scala:416)
	at org.scalatest.freespec.AnyFreeSpecLike.runTest$(AnyFreeSpecLike.scala:398)
	at org.scalatest.freespec.AnyFreeSpec.runTest(AnyFreeSpec.scala:1739)
	at org.scalatest.freespec.AnyFreeSpecLike.$anonfun$runTests$1(AnyFreeSpecLike.scala:475)
	at org.scalatest.SuperEngine.$anonfun$runTestsInBranch$1(Engine.scala:413)
	at scala.collection.immutable.List.foreach(List.scala:333)
	at org.scalatest.SuperEngine.traverseSubNodes$1(Engine.scala:401)
	at org.scalatest.SuperEngine.runTestsInBranch(Engine.scala:390)
	at org.scalatest.SuperEngine.$anonfun$runTestsInBranch$1(Engine.scala:427)
	at scala.collection.immutable.List.foreach(List.scala:333)
	at org.scalatest.SuperEngine.traverseSubNodes$1(Engine.scala:401)
	at org.scalatest.SuperEngine.runTestsInBranch(Engine.scala:396)
	at org.scalatest.SuperEngine.runTestsImpl(Engine.scala:475)
	at org.scalatest.freespec.AnyFreeSpecLike.runTests(AnyFreeSpecLike.scala:475)
	at org.scalatest.freespec.AnyFreeSpecLike.runTests$(AnyFreeSpecLike.scala:474)
	at org.scalatest.freespec.AnyFreeSpec.runTests(AnyFreeSpec.scala:1739)
	at org.scalatest.Suite.run(Suite.scala:1112)
	at org.scalatest.Suite.run$(Suite.scala:1094)
	at org.scalatest.freespec.AnyFreeSpec.org$scalatest$freespec$AnyFreeSpecLike$$super$run(AnyFreeSpec.scala:1739)
	at org.scalatest.freespec.AnyFreeSpecLike.$anonfun$run$1(AnyFreeSpecLike.scala:519)
	at org.scalatest.SuperEngine.runImpl(Engine.scala:535)
	at org.scalatest.freespec.AnyFreeSpecLike.run(AnyFreeSpecLike.scala:519)
	at org.scalatest.freespec.AnyFreeSpecLike.run$(AnyFreeSpecLike.scala:518)
	at org.scalatest.freespec.AnyFreeSpec.run(AnyFreeSpec.scala:1739)
	at org.scalatest.tools.Framework.org$scalatest$tools$Framework$$runSuite(Framework.scala:318)
	at org.scalatest.tools.Framework$ScalaTestTask.execute(Framework.scala:513)
	at sbt.TestRunner.runTest$1(TestFramework.scala:140)
	at sbt.TestRunner.run(TestFramework.scala:155)
	at sbt.TestFramework$$anon$3$$anonfun$$lessinit$greater$1.$anonfun$apply$1(TestFramework.scala:318)
	at sbt.TestFramework$.sbt$TestFramework$$withContextLoader(TestFramework.scala:278)
	at sbt.TestFramework$$anon$3$$anonfun$$lessinit$greater$1.apply(TestFramework.scala:318)
	at sbt.TestFramework$$anon$3$$anonfun$$lessinit$greater$1.apply(TestFramework.scala:318)
	at sbt.TestFunction.apply(TestFramework.scala:330)
	at sbt.Tests$.processRunnable$1(Tests.scala:474)
	at sbt.Tests$.$anonfun$makeSerial$1(Tests.scala:480)
	at sbt.std.Transform$$anon$3.$anonfun$apply$2(Transform.scala:46)
	at sbt.std.Transform$$anon$4.work(Transform.scala:68)
	at sbt.Execute.$anonfun$submit$2(Execute.scala:282)
	at sbt.internal.util.ErrorHandling$.wideConvert(ErrorHandling.scala:23)
	at sbt.Execute.work(Execute.scala:291)
	at sbt.Execute.$anonfun$submit$1(Execute.scala:282)
	at sbt.ConcurrentRestrictions$$anon$4.$anonfun$submitValid$1(ConcurrentRestrictions.scala:265)
	at sbt.CompletionService$$anon$2.call(CompletionService.scala:64)
	at java.base/java.util.concurrent.FutureTask.run(FutureTask.java:264)
	at java.base/java.util.concurrent.Executors$RunnableAdapter.call(Executors.java:515)
	at java.base/java.util.concurrent.FutureTask.run(FutureTask.java:264)
	at java.base/java.util.concurrent.ThreadPoolExecutor.runWorker(ThreadPoolExecutor.java:1130)
	at java.base/java.util.concurrent.ThreadPoolExecutor$Worker.run(ThreadPoolExecutor.java:630)
	at java.base/java.lang.Thread.run(Thread.java:831)
Caused by: scala.NotImplementedError: an implementation is missing
	at scala.Predef$.$qmark$qmark$qmark(Predef.scala:345)
	at adpro.Par$.choice(Par.scala:152)
	at adpro.ParSpec.$anonfun$new$24(ParSpec.scala:125)
	at adpro.ParSpec.$anonfun$new$24$adapted(ParSpec.scala:124)
	at org.scalatestplus.scalacheck.ScalaCheckDrivenPropertyChecks.liftedTree8$1(ScalaCheckDrivenPropertyChecks.scala:930)
	at org.scalatestplus.scalacheck.ScalaCheckDrivenPropertyChecks.$anonfun$forAll$4(ScalaCheckDrivenPropertyChecks.scala:929)
	at scala.Function1.$anonfun$andThen$1(Function1.scala:85)
	at org.scalacheck.Prop$.$anonfun$forAllShrink$2(Prop.scala:765)
	at org.scalacheck.Prop$.secure(Prop.scala:475)
	at org.scalacheck.Prop$.result$1(Prop.scala:765)
	at org.scalacheck.Prop$.$anonfun$forAllShrink$1(Prop.scala:804)
	at org.scalacheck.Prop$.$anonfun$apply$1(Prop.scala:308)
	at org.scalacheck.PropFromFun.apply(Prop.scala:21)
	at org.scalacheck.Test$.workerFun$1(Test.scala:424)
	at org.scalacheck.Test$.$anonfun$check$1(Test.scala:453)
	at org.scalacheck.Test$.$anonfun$check$1$adapted(Test.scala:453)
	at org.scalacheck.Platform$.runWorkers(Platform.scala:40)
	at org.scalacheck.Test$.check(Test.scala:453)
	at org.scalatestplus.scalacheck.UnitCheckerAsserting$CheckerAssertingImpl.check(CheckerAsserting.scala:90)
	... 65 more
</failure>
                    </testcase><testcase classname="adpro.ParSpec" name="Exercise 6 (parFilter) parFilter does not force the computation" time="0.0">
                      <failure message="an implementation is missing" type="scala.NotImplementedError">scala.NotImplementedError: an implementation is missing
	at scala.Predef$.$qmark$qmark$qmark(Predef.scala:345)
	at adpro.ParSpec.$anonfun$new$30(ParSpec.scala:179)
	at adpro.ParSpec.$anonfun$new$30$adapted(ParSpec.scala:179)
	at adpro.Par$.parFilter(Par.scala:138)
	at adpro.ParSpec.$anonfun$new$29(ParSpec.scala:179)
	at org.scalatest.OutcomeOf.outcomeOf(OutcomeOf.scala:85)
	at org.scalatest.OutcomeOf.outcomeOf$(OutcomeOf.scala:83)
	at org.scalatest.OutcomeOf$.outcomeOf(OutcomeOf.scala:104)
	at org.scalatest.Transformer.apply(Transformer.scala:22)
	at org.scalatest.Transformer.apply(Transformer.scala:20)
	at org.scalatest.freespec.AnyFreeSpecLike$$anon$1.apply(AnyFreeSpecLike.scala:406)
	at org.scalatest.TestSuite.withFixture(TestSuite.scala:196)
	at org.scalatest.TestSuite.withFixture$(TestSuite.scala:195)
	at org.scalatest.freespec.AnyFreeSpec.withFixture(AnyFreeSpec.scala:1739)
	at org.scalatest.freespec.AnyFreeSpecLike.invokeWithFixture$1(AnyFreeSpecLike.scala:404)
	at org.scalatest.freespec.AnyFreeSpecLike.$anonfun$runTest$1(AnyFreeSpecLike.scala:416)
	at org.scalatest.SuperEngine.runTestImpl(Engine.scala:306)
	at org.scalatest.freespec.AnyFreeSpecLike.runTest(AnyFreeSpecLike.scala:416)
	at org.scalatest.freespec.AnyFreeSpecLike.runTest$(AnyFreeSpecLike.scala:398)
	at org.scalatest.freespec.AnyFreeSpec.runTest(AnyFreeSpec.scala:1739)
	at org.scalatest.freespec.AnyFreeSpecLike.$anonfun$runTests$1(AnyFreeSpecLike.scala:475)
	at org.scalatest.SuperEngine.$anonfun$runTestsInBranch$1(Engine.scala:413)
	at scala.collection.immutable.List.foreach(List.scala:333)
	at org.scalatest.SuperEngine.traverseSubNodes$1(Engine.scala:401)
	at org.scalatest.SuperEngine.runTestsInBranch(Engine.scala:390)
	at org.scalatest.SuperEngine.$anonfun$runTestsInBranch$1(Engine.scala:427)
	at scala.collection.immutable.List.foreach(List.scala:333)
	at org.scalatest.SuperEngine.traverseSubNodes$1(Engine.scala:401)
	at org.scalatest.SuperEngine.runTestsInBranch(Engine.scala:396)
	at org.scalatest.SuperEngine.runTestsImpl(Engine.scala:475)
	at org.scalatest.freespec.AnyFreeSpecLike.runTests(AnyFreeSpecLike.scala:475)
	at org.scalatest.freespec.AnyFreeSpecLike.runTests$(AnyFreeSpecLike.scala:474)
	at org.scalatest.freespec.AnyFreeSpec.runTests(AnyFreeSpec.scala:1739)
	at org.scalatest.Suite.run(Suite.scala:1112)
	at org.scalatest.Suite.run$(Suite.scala:1094)
	at org.scalatest.freespec.AnyFreeSpec.org$scalatest$freespec$AnyFreeSpecLike$$super$run(AnyFreeSpec.scala:1739)
	at org.scalatest.freespec.AnyFreeSpecLike.$anonfun$run$1(AnyFreeSpecLike.scala:519)
	at org.scalatest.SuperEngine.runImpl(Engine.scala:535)
	at org.scalatest.freespec.AnyFreeSpecLike.run(AnyFreeSpecLike.scala:519)
	at org.scalatest.freespec.AnyFreeSpecLike.run$(AnyFreeSpecLike.scala:518)
	at org.scalatest.freespec.AnyFreeSpec.run(AnyFreeSpec.scala:1739)
	at org.scalatest.tools.Framework.org$scalatest$tools$Framework$$runSuite(Framework.scala:318)
	at org.scalatest.tools.Framework$ScalaTestTask.execute(Framework.scala:513)
	at sbt.TestRunner.runTest$1(TestFramework.scala:140)
	at sbt.TestRunner.run(TestFramework.scala:155)
	at sbt.TestFramework$$anon$3$$anonfun$$lessinit$greater$1.$anonfun$apply$1(TestFramework.scala:318)
	at sbt.TestFramework$.sbt$TestFramework$$withContextLoader(TestFramework.scala:278)
	at sbt.TestFramework$$anon$3$$anonfun$$lessinit$greater$1.apply(TestFramework.scala:318)
	at sbt.TestFramework$$anon$3$$anonfun$$lessinit$greater$1.apply(TestFramework.scala:318)
	at sbt.TestFunction.apply(TestFramework.scala:330)
	at sbt.Tests$.processRunnable$1(Tests.scala:474)
	at sbt.Tests$.$anonfun$makeSerial$1(Tests.scala:480)
	at sbt.std.Transform$$anon$3.$anonfun$apply$2(Transform.scala:46)
	at sbt.std.Transform$$anon$4.work(Transform.scala:68)
	at sbt.Execute.$anonfun$submit$2(Execute.scala:282)
	at sbt.internal.util.ErrorHandling$.wideConvert(ErrorHandling.scala:23)
	at sbt.Execute.work(Execute.scala:291)
	at sbt.Execute.$anonfun$submit$1(Execute.scala:282)
	at sbt.ConcurrentRestrictions$$anon$4.$anonfun$submitValid$1(ConcurrentRestrictions.scala:265)
	at sbt.CompletionService$$anon$2.call(CompletionService.scala:64)
	at java.base/java.util.concurrent.FutureTask.run(FutureTask.java:264)
	at java.base/java.util.concurrent.Executors$RunnableAdapter.call(Executors.java:515)
	at java.base/java.util.concurrent.FutureTask.run(FutureTask.java:264)
	at java.base/java.util.concurrent.ThreadPoolExecutor.runWorker(ThreadPoolExecutor.java:1130)
	at java.base/java.util.concurrent.ThreadPoolExecutor$Worker.run(ThreadPoolExecutor.java:630)
	at java.base/java.lang.Thread.run(Thread.java:831)
</failure>
                    </testcase><testcase classname="adpro.ParSpec" name="Exercise 6 (parFilter) parFilter does not wait eagerly for completion" time="0.037">
                      
                    </testcase><testcase classname="adpro.ParSpec" name="Exercise 6 (parFilter) parFilter tries all the elements" time="0.015">
                      
                    </testcase><testcase classname="adpro.ParSpec" name="Exercise 6 (parFilter) parFilter runs the elements in parallel" time="0.0">
                      
                    </testcase><testcase classname="adpro.ParSpec" name="Exercise 6 (parFilter) parFilter is functionally equivalent to filter" time="0.379">
                      
                    </testcase><testcase classname="adpro.ParSpec" name="Exercise 5 (wget) This is not a test, but an easy way to run your function (prints first line from up to 100 chars from 3 websites)" time="0.83">
                      
                    </testcase><testcase classname="adpro.ParSpec" name="Exercise 4 (sequence) sequence does not force the computation" time="0.0">
                      
                    </testcase><testcase classname="adpro.ParSpec" name="Exercise 4 (sequence) sequence does not wait eagerly for completion" time="0.308">
                      
                    </testcase><testcase classname="adpro.ParSpec" name="Exercise 4 (sequence) sequence does not loose any elements" time="0.303">
                      
                    </testcase><testcase classname="adpro.ParSpec" name="Exercise 4 (sequence) sequence still runs elements in parallel" time="0.125">
                      
                    </testcase><testcase classname="adpro.ParSpec" name="Exercise 4 (sequence) sequence runs map in parallel (composes with map)" time="0.063">
                      
                    </testcase><testcase classname="adpro.ParSpec" name="Exercise 2 (asyncF) asyncF is lazy" time="0.001">
                      
                    </testcase><testcase classname="adpro.ParSpec" name="Exercise 2 (asyncF) asyncF makes a function that runs in parallel" time="0.055">
                      
                    </testcase>
          <system-out><![CDATA[]]></system-out>
          <system-err><![CDATA[]]></system-err>
        </testsuite>