<?xml version='1.0' encoding='UTF-8'?>
<testsuite hostname="DESKTOP-L4AHCQ5" name="adpro.RNGSpec" tests="22" errors="0" failures="5" skipped="0" time="0.281" timestamp="2021-09-30T18:06:59">
          <properties>
[...]
</properties>
          <testcase classname="adpro.RNGSpec" name="Exercise 8 (flatMap, nonNegativeLessThan) flatMap associativity law" time="0.028">
                      <failure message="an implementation is missing" type="scala.NotImplementedError">scala.NotImplementedError: an implementation is missing
	at scala.Predef$.$qmark$qmark$qmark(Predef.scala:345)
	at adpro.RNG$.flatMap(State.scala:129)
	at adpro.RNGSpec.$anonfun$new$50(StateSpec.scala:186)
	at org.scalatest.OutcomeOf.outcomeOf(OutcomeOf.scala:85)
	at org.scalatest.OutcomeOf.outcomeOf$(OutcomeOf.scala:83)
	at org.scalatest.OutcomeOf$.outcomeOf(OutcomeOf.scala:104)
	at org.scalatest.Transformer.apply(Transformer.scala:22)
	at org.scalatest.Transformer.apply(Transformer.scala:20)
	at org.scalatest.freespec.AnyFreeSpecLike$$anon$1.apply(AnyFreeSpecLike.scala:406)
	at org.scalatest.TestSuite.withFixture(TestSuite.scala:196)
	at org.scalatest.TestSuite.withFixture$(TestSuite.scala:195)
	at org.scalatest.freespec.AnyFreeSpec.withFixture(AnyFreeSpec.scala:1739)
	at org.scalatest.freespec.AnyFreeSpecLike.invokeWithFixture$1(AnyFreeSpecLike.scala:404)
	at org.scalatest.freespec.AnyFreeSpecLike.$anonfun$runTest$1(AnyFreeSpecLike.scala:416)
	at org.scalatest.SuperEngine.runTestImpl(Engine.scala:306)
	at org.scalatest.freespec.AnyFreeSpecLike.runTest(AnyFreeSpecLike.scala:416)
	at org.scalatest.freespec.AnyFreeSpecLike.runTest$(AnyFreeSpecLike.scala:398)
	at org.scalatest.freespec.AnyFreeSpec.runTest(AnyFreeSpec.scala:1739)
	at org.scalatest.freespec.AnyFreeSpecLike.$anonfun$runTests$1(AnyFreeSpecLike.scala:475)
	at org.scalatest.SuperEngine.$anonfun$runTestsInBranch$1(Engine.scala:413)
	at scala.collection.immutable.List.foreach(List.scala:333)
	at org.scalatest.SuperEngine.traverseSubNodes$1(Engine.scala:401)
	at org.scalatest.SuperEngine.runTestsInBranch(Engine.scala:390)
	at org.scalatest.SuperEngine.$anonfun$runTestsInBranch$1(Engine.scala:427)
	at scala.collection.immutable.List.foreach(List.scala:333)
	at org.scalatest.SuperEngine.traverseSubNodes$1(Engine.scala:401)
	at org.scalatest.SuperEngine.runTestsInBranch(Engine.scala:396)
	at org.scalatest.SuperEngine.runTestsImpl(Engine.scala:475)
	at org.scalatest.freespec.AnyFreeSpecLike.runTests(AnyFreeSpecLike.scala:475)
	at org.scalatest.freespec.AnyFreeSpecLike.runTests$(AnyFreeSpecLike.scala:474)
	at org.scalatest.freespec.AnyFreeSpec.runTests(AnyFreeSpec.scala:1739)
	at org.scalatest.Suite.run(Suite.scala:1112)
	at org.scalatest.Suite.run$(Suite.scala:1094)
	at org.scalatest.freespec.AnyFreeSpec.org$scalatest$freespec$AnyFreeSpecLike$$super$run(AnyFreeSpec.scala:1739)
	at org.scalatest.freespec.AnyFreeSpecLike.$anonfun$run$1(AnyFreeSpecLike.scala:519)
	at org.scalatest.SuperEngine.runImpl(Engine.scala:535)
	at org.scalatest.freespec.AnyFreeSpecLike.run(AnyFreeSpecLike.scala:519)
	at org.scalatest.freespec.AnyFreeSpecLike.run$(AnyFreeSpecLike.scala:518)
	at org.scalatest.freespec.AnyFreeSpec.run(AnyFreeSpec.scala:1739)
	at org.scalatest.tools.Framework.org$scalatest$tools$Framework$$runSuite(Framework.scala:318)
	at org.scalatest.tools.Framework$ScalaTestTask.execute(Framework.scala:513)
	at sbt.TestRunner.runTest$1(TestFramework.scala:140)
	at sbt.TestRunner.run(TestFramework.scala:155)
	at sbt.TestFramework$$anon$3$$anonfun$$lessinit$greater$1.$anonfun$apply$1(TestFramework.scala:318)
	at sbt.TestFramework$.sbt$TestFramework$$withContextLoader(TestFramework.scala:278)
	at sbt.TestFramework$$anon$3$$anonfun$$lessinit$greater$1.apply(TestFramework.scala:318)
	at sbt.TestFramework$$anon$3$$anonfun$$lessinit$greater$1.apply(TestFramework.scala:318)
	at sbt.TestFunction.apply(TestFramework.scala:330)
	at sbt.Tests$.$anonfun$toTask$1(Tests.scala:435)
	at sbt.std.Transform$$anon$3.$anonfun$apply$2(Transform.scala:46)
	at sbt.std.Transform$$anon$4.work(Transform.scala:68)
	at sbt.Execute.$anonfun$submit$2(Execute.scala:282)
	at sbt.internal.util.ErrorHandling$.wideConvert(ErrorHandling.scala:23)
	at sbt.Execute.work(Execute.scala:291)
	at sbt.Execute.$anonfun$submit$1(Execute.scala:282)
	at sbt.ConcurrentRestrictions$$anon$4.$anonfun$submitValid$1(ConcurrentRestrictions.scala:265)
	at sbt.CompletionService$$anon$2.call(CompletionService.scala:64)
	at java.base/java.util.concurrent.FutureTask.run(FutureTask.java:264)
	at java.base/java.util.concurrent.Executors$RunnableAdapter.call(Executors.java:515)
	at java.base/java.util.concurrent.FutureTask.run(FutureTask.java:264)
	at java.base/java.util.concurrent.ThreadPoolExecutor.runWorker(ThreadPoolExecutor.java:1130)
	at java.base/java.util.concurrent.ThreadPoolExecutor$Worker.run(ThreadPoolExecutor.java:630)
	at java.base/java.lang.Thread.run(Thread.java:831)
</failure>
                    </testcase><testcase classname="adpro.RNGSpec" name="Exercise 8 (flatMap, nonNegativeLessThan) flatMap identity law" time="0.144">
                      <failure message="GeneratorDrivenPropertyCheckFailedException was thrown during property evaluation.
  Message: NotImplementedError was thrown during property evaluation.
  Message: an implementation is missing
  Occurred when passed generated values (
    rng = SimpleRNG(1)
  )
  Location: (StateSpec.scala:202)
  Occurred when passed generated values (
    n = 0 // 10 shrinks
  )" type="org.scalatest.exceptions.GeneratorDrivenPropertyCheckFailedException">org.scalatest.exceptions.GeneratorDrivenPropertyCheckFailedException: GeneratorDrivenPropertyCheckFailedException was thrown during property evaluation.
  Message: NotImplementedError was thrown during property evaluation.
  Message: an implementation is missing
  Occurred when passed generated values (
    rng = SimpleRNG(1)
  )
  Location: (StateSpec.scala:202)
  Occurred when passed generated values (
    n = 0 // 10 shrinks
  )
	at org.scalatestplus.scalacheck.CheckerAsserting$$anon$2.indicateFailure(CheckerAsserting.scala:251)
	at org.scalatestplus.scalacheck.CheckerAsserting$$anon$2.indicateFailure(CheckerAsserting.scala:238)
	at org.scalatestplus.scalacheck.UnitCheckerAsserting$CheckerAssertingImpl.check(CheckerAsserting.scala:160)
	at org.scalatestplus.scalacheck.ScalaCheckDrivenPropertyChecks.forAll(ScalaCheckDrivenPropertyChecks.scala:1067)
	at org.scalatestplus.scalacheck.ScalaCheckDrivenPropertyChecks.forAll$(ScalaCheckDrivenPropertyChecks.scala:1033)
	at adpro.RNGSpec.forAll(StateSpec.scala:158)
	at adpro.RNGSpec.$anonfun$new$58(StateSpec.scala:201)
	at org.scalatest.OutcomeOf.outcomeOf(OutcomeOf.scala:85)
	at org.scalatest.OutcomeOf.outcomeOf$(OutcomeOf.scala:83)
	at org.scalatest.OutcomeOf$.outcomeOf(OutcomeOf.scala:104)
	at org.scalatest.Transformer.apply(Transformer.scala:22)
	at org.scalatest.Transformer.apply(Transformer.scala:20)
	at org.scalatest.freespec.AnyFreeSpecLike$$anon$1.apply(AnyFreeSpecLike.scala:406)
	at org.scalatest.TestSuite.withFixture(TestSuite.scala:196)
	at org.scalatest.TestSuite.withFixture$(TestSuite.scala:195)
	at org.scalatest.freespec.AnyFreeSpec.withFixture(AnyFreeSpec.scala:1739)
	at org.scalatest.freespec.AnyFreeSpecLike.invokeWithFixture$1(AnyFreeSpecLike.scala:404)
	at org.scalatest.freespec.AnyFreeSpecLike.$anonfun$runTest$1(AnyFreeSpecLike.scala:416)
	at org.scalatest.SuperEngine.runTestImpl(Engine.scala:306)
	at org.scalatest.freespec.AnyFreeSpecLike.runTest(AnyFreeSpecLike.scala:416)
	at org.scalatest.freespec.AnyFreeSpecLike.runTest$(AnyFreeSpecLike.scala:398)
	at org.scalatest.freespec.AnyFreeSpec.runTest(AnyFreeSpec.scala:1739)
	at org.scalatest.freespec.AnyFreeSpecLike.$anonfun$runTests$1(AnyFreeSpecLike.scala:475)
	at org.scalatest.SuperEngine.$anonfun$runTestsInBranch$1(Engine.scala:413)
	at scala.collection.immutable.List.foreach(List.scala:333)
	at org.scalatest.SuperEngine.traverseSubNodes$1(Engine.scala:401)
	at org.scalatest.SuperEngine.runTestsInBranch(Engine.scala:390)
	at org.scalatest.SuperEngine.$anonfun$runTestsInBranch$1(Engine.scala:427)
	at scala.collection.immutable.List.foreach(List.scala:333)
	at org.scalatest.SuperEngine.traverseSubNodes$1(Engine.scala:401)
	at org.scalatest.SuperEngine.runTestsInBranch(Engine.scala:396)
	at org.scalatest.SuperEngine.runTestsImpl(Engine.scala:475)
	at org.scalatest.freespec.AnyFreeSpecLike.runTests(AnyFreeSpecLike.scala:475)
	at org.scalatest.freespec.AnyFreeSpecLike.runTests$(AnyFreeSpecLike.scala:474)
	at org.scalatest.freespec.AnyFreeSpec.runTests(AnyFreeSpec.scala:1739)
	at org.scalatest.Suite.run(Suite.scala:1112)
	at org.scalatest.Suite.run$(Suite.scala:1094)
	at org.scalatest.freespec.AnyFreeSpec.org$scalatest$freespec$AnyFreeSpecLike$$super$run(AnyFreeSpec.scala:1739)
	at org.scalatest.freespec.AnyFreeSpecLike.$anonfun$run$1(AnyFreeSpecLike.scala:519)
	at org.scalatest.SuperEngine.runImpl(Engine.scala:535)
	at org.scalatest.freespec.AnyFreeSpecLike.run(AnyFreeSpecLike.scala:519)
	at org.scalatest.freespec.AnyFreeSpecLike.run$(AnyFreeSpecLike.scala:518)
	at org.scalatest.freespec.AnyFreeSpec.run(AnyFreeSpec.scala:1739)
	at org.scalatest.tools.Framework.org$scalatest$tools$Framework$$runSuite(Framework.scala:318)
	at org.scalatest.tools.Framework$ScalaTestTask.execute(Framework.scala:513)
	at sbt.TestRunner.runTest$1(TestFramework.scala:140)
	at sbt.TestRunner.run(TestFramework.scala:155)
	at sbt.TestFramework$$anon$3$$anonfun$$lessinit$greater$1.$anonfun$apply$1(TestFramework.scala:318)
	at sbt.TestFramework$.sbt$TestFramework$$withContextLoader(TestFramework.scala:278)
	at sbt.TestFramework$$anon$3$$anonfun$$lessinit$greater$1.apply(TestFramework.scala:318)
	at sbt.TestFramework$$anon$3$$anonfun$$lessinit$greater$1.apply(TestFramework.scala:318)
	at sbt.TestFunction.apply(TestFramework.scala:330)
	at sbt.Tests$.$anonfun$toTask$1(Tests.scala:435)
	at sbt.std.Transform$$anon$3.$anonfun$apply$2(Transform.scala:46)
	at sbt.std.Transform$$anon$4.work(Transform.scala:68)
	at sbt.Execute.$anonfun$submit$2(Execute.scala:282)
	at sbt.internal.util.ErrorHandling$.wideConvert(ErrorHandling.scala:23)
	at sbt.Execute.work(Execute.scala:291)
	at sbt.Execute.$anonfun$submit$1(Execute.scala:282)
	at sbt.ConcurrentRestrictions$$anon$4.$anonfun$submitValid$1(ConcurrentRestrictions.scala:265)
	at sbt.CompletionService$$anon$2.call(CompletionService.scala:64)
	at java.base/java.util.concurrent.FutureTask.run(FutureTask.java:264)
	at java.base/java.util.concurrent.Executors$RunnableAdapter.call(Executors.java:515)
	at java.base/java.util.concurrent.FutureTask.run(FutureTask.java:264)
	at java.base/java.util.concurrent.ThreadPoolExecutor.runWorker(ThreadPoolExecutor.java:1130)
	at java.base/java.util.concurrent.ThreadPoolExecutor$Worker.run(ThreadPoolExecutor.java:630)
	at java.base/java.lang.Thread.run(Thread.java:831)
Caused by: org.scalatest.exceptions.GeneratorDrivenPropertyCheckFailedException: NotImplementedError was thrown during property evaluation.
  Message: an implementation is missing
  Occurred when passed generated values (
    rng = SimpleRNG(1)
  )
	at org.scalatestplus.scalacheck.CheckerAsserting$$anon$2.indicateFailure(CheckerAsserting.scala:251)
	at org.scalatestplus.scalacheck.CheckerAsserting$$anon$2.indicateFailure(CheckerAsserting.scala:238)
	at org.scalatestplus.scalacheck.UnitCheckerAsserting$CheckerAssertingImpl.check(CheckerAsserting.scala:160)
	at org.scalatestplus.scalacheck.ScalaCheckDrivenPropertyChecks.forAll(ScalaCheckDrivenPropertyChecks.scala:950)
	at org.scalatestplus.scalacheck.ScalaCheckDrivenPropertyChecks.forAll$(ScalaCheckDrivenPropertyChecks.scala:919)
	at adpro.RNGSpec.forAll(StateSpec.scala:158)
	at adpro.RNGSpec.$anonfun$new$59(StateSpec.scala:202)
	at adpro.RNGSpec.$anonfun$new$59$adapted(StateSpec.scala:201)
	at org.scalatestplus.scalacheck.ScalaCheckDrivenPropertyChecks.liftedTree10$1(ScalaCheckDrivenPropertyChecks.scala:1047)
	at org.scalatestplus.scalacheck.ScalaCheckDrivenPropertyChecks.$anonfun$forAll$10(ScalaCheckDrivenPropertyChecks.scala:1046)
	at org.scalacheck.Prop$.$anonfun$forAllShrink$2(Prop.scala:765)
	at org.scalacheck.Prop$.secure(Prop.scala:475)
	at org.scalacheck.Prop$.result$1(Prop.scala:765)
	at org.scalacheck.Prop$.$anonfun$forAllShrink$4(Prop.scala:774)
	at scala.collection.immutable.Stream.map(Stream.scala:173)
	at org.scalacheck.Prop$.getFirstFailure$1(Prop.scala:774)
	at org.scalacheck.Prop$.shrinker$1(Prop.scala:784)
	at org.scalacheck.Prop$.$anonfun$forAllShrink$1(Prop.scala:805)
	at org.scalacheck.Prop$.$anonfun$apply$1(Prop.scala:308)
	at org.scalacheck.PropFromFun.apply(Prop.scala:21)
	at org.scalacheck.Test$.workerFun$1(Test.scala:424)
	at org.scalacheck.Test$.$anonfun$check$1(Test.scala:453)
	at org.scalacheck.Test$.$anonfun$check$1$adapted(Test.scala:453)
	at org.scalacheck.Platform$.runWorkers(Platform.scala:40)
	at org.scalacheck.Test$.check(Test.scala:453)
	at org.scalatestplus.scalacheck.UnitCheckerAsserting$CheckerAssertingImpl.check(CheckerAsserting.scala:90)
	... 64 more
Caused by: scala.NotImplementedError: an implementation is missing
	at scala.Predef$.$qmark$qmark$qmark(Predef.scala:345)
	at adpro.RNG$.flatMap(State.scala:129)
	at adpro.RNGSpec.$anonfun$new$61(StateSpec.scala:204)
	at org.scalatest.Assertions.withClue(Assertions.scala:1065)
	at org.scalatest.Assertions.withClue$(Assertions.scala:1052)
	at org.scalatest.freespec.AnyFreeSpec.withClue(AnyFreeSpec.scala:1739)
	at adpro.RNGSpec.$anonfun$new$60(StateSpec.scala:203)
	at org.scalatestplus.scalacheck.ScalaCheckDrivenPropertyChecks.liftedTree8$1(ScalaCheckDrivenPropertyChecks.scala:930)
	at org.scalatestplus.scalacheck.ScalaCheckDrivenPropertyChecks.$anonfun$forAll$4(ScalaCheckDrivenPropertyChecks.scala:929)
	at scala.Function1.$anonfun$andThen$1(Function1.scala:85)
	at org.scalacheck.Prop$.$anonfun$forAllShrink$2(Prop.scala:765)
	at org.scalacheck.Prop$.secure(Prop.scala:475)
	at org.scalacheck.Prop$.result$1(Prop.scala:765)
	at org.scalacheck.Prop$.$anonfun$forAllShrink$1(Prop.scala:804)
	at org.scalacheck.Prop$.$anonfun$apply$1(Prop.scala:308)
	at org.scalacheck.PropFromFun.apply(Prop.scala:21)
	at org.scalacheck.Test$.workerFun$1(Test.scala:424)
	at org.scalacheck.Test$.$anonfun$check$1(Test.scala:453)
	at org.scalacheck.Test$.$anonfun$check$1$adapted(Test.scala:453)
	at org.scalacheck.Platform$.runWorkers(Platform.scala:40)
	at org.scalacheck.Test$.check(Test.scala:453)
	at org.scalatestplus.scalacheck.UnitCheckerAsserting$CheckerAssertingImpl.check(CheckerAsserting.scala:90)
	... 87 more
</failure>
                    </testcase><testcase classname="adpro.RNGSpec" name="Exercise 8 (flatMap, nonNegativeLessThan) nonNegativeLessThan (n) yields numbers from 0 to n" time="0.016">
                      <failure message="NotImplementedError was thrown during property evaluation.
  Message: an implementation is missing
  Occurred when passed generated values (
    n = 0, // 10 shrinks
    rng = SimpleRNG(1)
  )" type="org.scalatest.exceptions.GeneratorDrivenPropertyCheckFailedException">org.scalatest.exceptions.GeneratorDrivenPropertyCheckFailedException: NotImplementedError was thrown during property evaluation.
  Message: an implementation is missing
  Occurred when passed generated values (
    n = 0, // 10 shrinks
    rng = SimpleRNG(1)
  )
	at org.scalatestplus.scalacheck.CheckerAsserting$$anon$2.indicateFailure(CheckerAsserting.scala:251)
	at org.scalatestplus.scalacheck.CheckerAsserting$$anon$2.indicateFailure(CheckerAsserting.scala:238)
	at org.scalatestplus.scalacheck.UnitCheckerAsserting$CheckerAssertingImpl.check(CheckerAsserting.scala:160)
	at org.scalatestplus.scalacheck.ScalaCheckDrivenPropertyChecks.forAll(ScalaCheckDrivenPropertyChecks.scala:1289)
	at org.scalatestplus.scalacheck.ScalaCheckDrivenPropertyChecks.forAll$(ScalaCheckDrivenPropertyChecks.scala:1253)
	at adpro.RNGSpec.forAll(StateSpec.scala:158)
	at adpro.RNGSpec.$anonfun$new$69(StateSpec.scala:218)
	at org.scalatest.OutcomeOf.outcomeOf(OutcomeOf.scala:85)
	at org.scalatest.OutcomeOf.outcomeOf$(OutcomeOf.scala:83)
	at org.scalatest.OutcomeOf$.outcomeOf(OutcomeOf.scala:104)
	at org.scalatest.Transformer.apply(Transformer.scala:22)
	at org.scalatest.Transformer.apply(Transformer.scala:20)
	at org.scalatest.freespec.AnyFreeSpecLike$$anon$1.apply(AnyFreeSpecLike.scala:406)
	at org.scalatest.TestSuite.withFixture(TestSuite.scala:196)
	at org.scalatest.TestSuite.withFixture$(TestSuite.scala:195)
	at org.scalatest.freespec.AnyFreeSpec.withFixture(AnyFreeSpec.scala:1739)
	at org.scalatest.freespec.AnyFreeSpecLike.invokeWithFixture$1(AnyFreeSpecLike.scala:404)
	at org.scalatest.freespec.AnyFreeSpecLike.$anonfun$runTest$1(AnyFreeSpecLike.scala:416)
	at org.scalatest.SuperEngine.runTestImpl(Engine.scala:306)
	at org.scalatest.freespec.AnyFreeSpecLike.runTest(AnyFreeSpecLike.scala:416)
	at org.scalatest.freespec.AnyFreeSpecLike.runTest$(AnyFreeSpecLike.scala:398)
	at org.scalatest.freespec.AnyFreeSpec.runTest(AnyFreeSpec.scala:1739)
	at org.scalatest.freespec.AnyFreeSpecLike.$anonfun$runTests$1(AnyFreeSpecLike.scala:475)
	at org.scalatest.SuperEngine.$anonfun$runTestsInBranch$1(Engine.scala:413)
	at scala.collection.immutable.List.foreach(List.scala:333)
	at org.scalatest.SuperEngine.traverseSubNodes$1(Engine.scala:401)
	at org.scalatest.SuperEngine.runTestsInBranch(Engine.scala:390)
	at org.scalatest.SuperEngine.$anonfun$runTestsInBranch$1(Engine.scala:427)
	at scala.collection.immutable.List.foreach(List.scala:333)
	at org.scalatest.SuperEngine.traverseSubNodes$1(Engine.scala:401)
	at org.scalatest.SuperEngine.runTestsInBranch(Engine.scala:396)
	at org.scalatest.SuperEngine.runTestsImpl(Engine.scala:475)
	at org.scalatest.freespec.AnyFreeSpecLike.runTests(AnyFreeSpecLike.scala:475)
	at org.scalatest.freespec.AnyFreeSpecLike.runTests$(AnyFreeSpecLike.scala:474)
	at org.scalatest.freespec.AnyFreeSpec.runTests(AnyFreeSpec.scala:1739)
	at org.scalatest.Suite.run(Suite.scala:1112)
	at org.scalatest.Suite.run$(Suite.scala:1094)
	at org.scalatest.freespec.AnyFreeSpec.org$scalatest$freespec$AnyFreeSpecLike$$super$run(AnyFreeSpec.scala:1739)
	at org.scalatest.freespec.AnyFreeSpecLike.$anonfun$run$1(AnyFreeSpecLike.scala:519)
	at org.scalatest.SuperEngine.runImpl(Engine.scala:535)
	at org.scalatest.freespec.AnyFreeSpecLike.run(AnyFreeSpecLike.scala:519)
	at org.scalatest.freespec.AnyFreeSpecLike.run$(AnyFreeSpecLike.scala:518)
	at org.scalatest.freespec.AnyFreeSpec.run(AnyFreeSpec.scala:1739)
	at org.scalatest.tools.Framework.org$scalatest$tools$Framework$$runSuite(Framework.scala:318)
	at org.scalatest.tools.Framework$ScalaTestTask.execute(Framework.scala:513)
	at sbt.TestRunner.runTest$1(TestFramework.scala:140)
	at sbt.TestRunner.run(TestFramework.scala:155)
	at sbt.TestFramework$$anon$3$$anonfun$$lessinit$greater$1.$anonfun$apply$1(TestFramework.scala:318)
	at sbt.TestFramework$.sbt$TestFramework$$withContextLoader(TestFramework.scala:278)
	at sbt.TestFramework$$anon$3$$anonfun$$lessinit$greater$1.apply(TestFramework.scala:318)
	at sbt.TestFramework$$anon$3$$anonfun$$lessinit$greater$1.apply(TestFramework.scala:318)
	at sbt.TestFunction.apply(TestFramework.scala:330)
	at sbt.Tests$.$anonfun$toTask$1(Tests.scala:435)
	at sbt.std.Transform$$anon$3.$anonfun$apply$2(Transform.scala:46)
	at sbt.std.Transform$$anon$4.work(Transform.scala:68)
	at sbt.Execute.$anonfun$submit$2(Execute.scala:282)
	at sbt.internal.util.ErrorHandling$.wideConvert(ErrorHandling.scala:23)
	at sbt.Execute.work(Execute.scala:291)
	at sbt.Execute.$anonfun$submit$1(Execute.scala:282)
	at sbt.ConcurrentRestrictions$$anon$4.$anonfun$submitValid$1(ConcurrentRestrictions.scala:265)
	at sbt.CompletionService$$anon$2.call(CompletionService.scala:64)
	at java.base/java.util.concurrent.FutureTask.run(FutureTask.java:264)
	at java.base/java.util.concurrent.Executors$RunnableAdapter.call(Executors.java:515)
	at java.base/java.util.concurrent.FutureTask.run(FutureTask.java:264)
	at java.base/java.util.concurrent.ThreadPoolExecutor.runWorker(ThreadPoolExecutor.java:1130)
	at java.base/java.util.concurrent.ThreadPoolExecutor$Worker.run(ThreadPoolExecutor.java:630)
	at java.base/java.lang.Thread.run(Thread.java:831)
Caused by: scala.NotImplementedError: an implementation is missing
	at scala.Predef$.$qmark$qmark$qmark(Predef.scala:345)
	at adpro.RNG$.nonNegativeLessThan(State.scala:131)
	at adpro.RNGSpec.$anonfun$new$70(StateSpec.scala:220)
	at adpro.RNGSpec.$anonfun$new$70$adapted(StateSpec.scala:219)
	at org.scalatestplus.scalacheck.ScalaCheckDrivenPropertyChecks.liftedTree14$1(ScalaCheckDrivenPropertyChecks.scala:1269)
	at org.scalatestplus.scalacheck.ScalaCheckDrivenPropertyChecks.$anonfun$forAll$25(ScalaCheckDrivenPropertyChecks.scala:1268)
	at org.scalacheck.Prop$.$anonfun$forAll$3(Prop.scala:829)
	at org.scalacheck.Prop$.$anonfun$forAllShrink$2(Prop.scala:765)
	at org.scalacheck.Prop$.secure(Prop.scala:475)
	at org.scalacheck.Prop$.result$1(Prop.scala:765)
	at org.scalacheck.Prop$.$anonfun$forAllShrink$1(Prop.scala:804)
	at org.scalacheck.Prop$.$anonfun$apply$1(Prop.scala:308)
	at org.scalacheck.PropFromFun.apply(Prop.scala:21)
	at org.scalacheck.Prop$.result$1(Prop.scala:766)
	at org.scalacheck.Prop$.$anonfun$forAllShrink$4(Prop.scala:774)
	at scala.collection.immutable.Stream.map(Stream.scala:173)
	at org.scalacheck.Prop$.getFirstFailure$1(Prop.scala:774)
	at org.scalacheck.Prop$.shrinker$1(Prop.scala:784)
	at org.scalacheck.Prop$.$anonfun$forAllShrink$1(Prop.scala:805)
	at org.scalacheck.Prop$.$anonfun$apply$1(Prop.scala:308)
	at org.scalacheck.PropFromFun.apply(Prop.scala:21)
	at org.scalacheck.Test$.workerFun$1(Test.scala:424)
	at org.scalacheck.Test$.$anonfun$check$1(Test.scala:453)
	at org.scalacheck.Test$.$anonfun$check$1$adapted(Test.scala:453)
	at org.scalacheck.Platform$.runWorkers(Platform.scala:40)
	at org.scalacheck.Test$.check(Test.scala:453)
	at org.scalatestplus.scalacheck.UnitCheckerAsserting$CheckerAssertingImpl.check(CheckerAsserting.scala:90)
	... 64 more
</failure>
                    </testcase><testcase classname="adpro.RNGSpec" name="Exercise 7 (sequence) should not throw exceptions (including ???)" time="0.015">
                      <failure message="TestFailedException was thrown during property evaluation.
  Message: An unexpected scala.NotImplementedError was thrown.
  Location: (StateSpec.scala:233)
  Occurred when passed generated values (
    rng = SimpleRNG(9223372036854775807),
    l = List()
  )" type="org.scalatest.exceptions.GeneratorDrivenPropertyCheckFailedException">org.scalatest.exceptions.GeneratorDrivenPropertyCheckFailedException: TestFailedException was thrown during property evaluation.
  Message: An unexpected scala.NotImplementedError was thrown.
  Location: (StateSpec.scala:233)
  Occurred when passed generated values (
    rng = SimpleRNG(9223372036854775807),
    l = List()
  )
	at org.scalatestplus.scalacheck.CheckerAsserting$$anon$2.indicateFailure(CheckerAsserting.scala:251)
	at org.scalatestplus.scalacheck.CheckerAsserting$$anon$2.indicateFailure(CheckerAsserting.scala:238)
	at org.scalatestplus.scalacheck.UnitCheckerAsserting$CheckerAssertingImpl.check(CheckerAsserting.scala:160)
	at org.scalatestplus.scalacheck.ScalaCheckDrivenPropertyChecks.forAll(ScalaCheckDrivenPropertyChecks.scala:1169)
	at org.scalatestplus.scalacheck.ScalaCheckDrivenPropertyChecks.forAll$(ScalaCheckDrivenPropertyChecks.scala:1137)
	at adpro.RNGSpec.forAll(StateSpec.scala:158)
	at adpro.RNGSpec.$anonfun$new$72(StateSpec.scala:232)
	at org.scalatest.OutcomeOf.outcomeOf(OutcomeOf.scala:85)
	at org.scalatest.OutcomeOf.outcomeOf$(OutcomeOf.scala:83)
	at org.scalatest.OutcomeOf$.outcomeOf(OutcomeOf.scala:104)
	at org.scalatest.Transformer.apply(Transformer.scala:22)
	at org.scalatest.Transformer.apply(Transformer.scala:20)
	at org.scalatest.freespec.AnyFreeSpecLike$$anon$1.apply(AnyFreeSpecLike.scala:406)
	at org.scalatest.TestSuite.withFixture(TestSuite.scala:196)
	at org.scalatest.TestSuite.withFixture$(TestSuite.scala:195)
	at org.scalatest.freespec.AnyFreeSpec.withFixture(AnyFreeSpec.scala:1739)
	at org.scalatest.freespec.AnyFreeSpecLike.invokeWithFixture$1(AnyFreeSpecLike.scala:404)
	at org.scalatest.freespec.AnyFreeSpecLike.$anonfun$runTest$1(AnyFreeSpecLike.scala:416)
	at org.scalatest.SuperEngine.runTestImpl(Engine.scala:306)
	at org.scalatest.freespec.AnyFreeSpecLike.runTest(AnyFreeSpecLike.scala:416)
	at org.scalatest.freespec.AnyFreeSpecLike.runTest$(AnyFreeSpecLike.scala:398)
	at org.scalatest.freespec.AnyFreeSpec.runTest(AnyFreeSpec.scala:1739)
	at org.scalatest.freespec.AnyFreeSpecLike.$anonfun$runTests$1(AnyFreeSpecLike.scala:475)
	at org.scalatest.SuperEngine.$anonfun$runTestsInBranch$1(Engine.scala:413)
	at scala.collection.immutable.List.foreach(List.scala:333)
	at org.scalatest.SuperEngine.traverseSubNodes$1(Engine.scala:401)
	at org.scalatest.SuperEngine.runTestsInBranch(Engine.scala:390)
	at org.scalatest.SuperEngine.$anonfun$runTestsInBranch$1(Engine.scala:427)
	at scala.collection.immutable.List.foreach(List.scala:333)
	at org.scalatest.SuperEngine.traverseSubNodes$1(Engine.scala:401)
	at org.scalatest.SuperEngine.runTestsInBranch(Engine.scala:396)
	at org.scalatest.SuperEngine.runTestsImpl(Engine.scala:475)
	at org.scalatest.freespec.AnyFreeSpecLike.runTests(AnyFreeSpecLike.scala:475)
	at org.scalatest.freespec.AnyFreeSpecLike.runTests$(AnyFreeSpecLike.scala:474)
	at org.scalatest.freespec.AnyFreeSpec.runTests(AnyFreeSpec.scala:1739)
	at org.scalatest.Suite.run(Suite.scala:1112)
	at org.scalatest.Suite.run$(Suite.scala:1094)
	at org.scalatest.freespec.AnyFreeSpec.org$scalatest$freespec$AnyFreeSpecLike$$super$run(AnyFreeSpec.scala:1739)
	at org.scalatest.freespec.AnyFreeSpecLike.$anonfun$run$1(AnyFreeSpecLike.scala:519)
	at org.scalatest.SuperEngine.runImpl(Engine.scala:535)
	at org.scalatest.freespec.AnyFreeSpecLike.run(AnyFreeSpecLike.scala:519)
	at org.scalatest.freespec.AnyFreeSpecLike.run$(AnyFreeSpecLike.scala:518)
	at org.scalatest.freespec.AnyFreeSpec.run(AnyFreeSpec.scala:1739)
	at org.scalatest.tools.Framework.org$scalatest$tools$Framework$$runSuite(Framework.scala:318)
	at org.scalatest.tools.Framework$ScalaTestTask.execute(Framework.scala:513)
	at sbt.TestRunner.runTest$1(TestFramework.scala:140)
	at sbt.TestRunner.run(TestFramework.scala:155)
	at sbt.TestFramework$$anon$3$$anonfun$$lessinit$greater$1.$anonfun$apply$1(TestFramework.scala:318)
	at sbt.TestFramework$.sbt$TestFramework$$withContextLoader(TestFramework.scala:278)
	at sbt.TestFramework$$anon$3$$anonfun$$lessinit$greater$1.apply(TestFramework.scala:318)
	at sbt.TestFramework$$anon$3$$anonfun$$lessinit$greater$1.apply(TestFramework.scala:318)
	at sbt.TestFunction.apply(TestFramework.scala:330)
	at sbt.Tests$.$anonfun$toTask$1(Tests.scala:435)
	at sbt.std.Transform$$anon$3.$anonfun$apply$2(Transform.scala:46)
	at sbt.std.Transform$$anon$4.work(Transform.scala:68)
	at sbt.Execute.$anonfun$submit$2(Execute.scala:282)
	at sbt.internal.util.ErrorHandling$.wideConvert(ErrorHandling.scala:23)
	at sbt.Execute.work(Execute.scala:291)
	at sbt.Execute.$anonfun$submit$1(Execute.scala:282)
	at sbt.ConcurrentRestrictions$$anon$4.$anonfun$submitValid$1(ConcurrentRestrictions.scala:265)
	at sbt.CompletionService$$anon$2.call(CompletionService.scala:64)
	at java.base/java.util.concurrent.FutureTask.run(FutureTask.java:264)
	at java.base/java.util.concurrent.Executors$RunnableAdapter.call(Executors.java:515)
	at java.base/java.util.concurrent.FutureTask.run(FutureTask.java:264)
	at java.base/java.util.concurrent.ThreadPoolExecutor.runWorker(ThreadPoolExecutor.java:1130)
	at java.base/java.util.concurrent.ThreadPoolExecutor$Worker.run(ThreadPoolExecutor.java:630)
	at java.base/java.lang.Thread.run(Thread.java:831)
Caused by: org.scalatest.exceptions.TestFailedException: An unexpected scala.NotImplementedError was thrown.
	at org.scalatest.matchers.MatchersHelper$.checkNoException(MatchersHelper.scala:328)
	at org.scalatest.matchers.dsl.ResultOfBeWordForNoException.thrownBy(ResultOfBeWordForNoException.scala:39)
	at adpro.RNGSpec.$anonfun$new$73(StateSpec.scala:233)
	at org.scalatestplus.scalacheck.ScalaCheckDrivenPropertyChecks.liftedTree12$1(ScalaCheckDrivenPropertyChecks.scala:1149)
	at org.scalatestplus.scalacheck.ScalaCheckDrivenPropertyChecks.$anonfun$forAll$17(ScalaCheckDrivenPropertyChecks.scala:1148)
	at org.scalacheck.Prop$.$anonfun$forAll$18(Prop.scala:925)
	at scala.Function1.$anonfun$andThen$1(Function1.scala:85)
	at org.scalacheck.Prop$.$anonfun$forAllShrink$2(Prop.scala:765)
	at org.scalacheck.Prop$.secure(Prop.scala:475)
	at org.scalacheck.Prop$.result$1(Prop.scala:765)
	at org.scalacheck.Prop$.$anonfun$forAllShrink$1(Prop.scala:804)
	at org.scalacheck.Prop$.$anonfun$apply$1(Prop.scala:308)
	at org.scalacheck.PropFromFun.apply(Prop.scala:21)
	at org.scalacheck.Prop$.result$1(Prop.scala:766)
	at org.scalacheck.Prop$.$anonfun$forAllShrink$1(Prop.scala:804)
	at org.scalacheck.Prop$.$anonfun$apply$1(Prop.scala:308)
	at org.scalacheck.PropFromFun.apply(Prop.scala:21)
	at org.scalacheck.Test$.workerFun$1(Test.scala:424)
	at org.scalacheck.Test$.$anonfun$check$1(Test.scala:453)
	at org.scalacheck.Test$.$anonfun$check$1$adapted(Test.scala:453)
	at org.scalacheck.Platform$.runWorkers(Platform.scala:40)
	at org.scalacheck.Test$.check(Test.scala:453)
	at org.scalatestplus.scalacheck.UnitCheckerAsserting$CheckerAssertingImpl.check(CheckerAsserting.scala:90)
	... 64 more
Caused by: scala.NotImplementedError: an implementation is missing
	at scala.Predef$.$qmark$qmark$qmark(Predef.scala:345)
	at adpro.RNG$.sequence(State.scala:123)
	at adpro.RNGSpec.$anonfun$new$74(StateSpec.scala:233)
	at org.scalatest.matchers.MatchersHelper$.checkNoException(MatchersHelper.scala:322)
	... 86 more
</failure>
                    </testcase><testcase classname="adpro.RNGSpec" name="Exercise 7 (sequence) A simple fixed scenario" time="0.0">
                      <failure message="NotImplementedError was thrown during property evaluation.
  Message: an implementation is missing
  Occurred when passed generated values (
    rng = SimpleRNG(9223372036854775807),
    l = List()
  )" type="org.scalatest.exceptions.GeneratorDrivenPropertyCheckFailedException">org.scalatest.exceptions.GeneratorDrivenPropertyCheckFailedException: NotImplementedError was thrown during property evaluation.
  Message: an implementation is missing
  Occurred when passed generated values (
    rng = SimpleRNG(9223372036854775807),
    l = List()
  )
	at org.scalatestplus.scalacheck.CheckerAsserting$$anon$2.indicateFailure(CheckerAsserting.scala:251)
	at org.scalatestplus.scalacheck.CheckerAsserting$$anon$2.indicateFailure(CheckerAsserting.scala:238)
	at org.scalatestplus.scalacheck.UnitCheckerAsserting$CheckerAssertingImpl.check(CheckerAsserting.scala:160)
	at org.scalatestplus.scalacheck.ScalaCheckDrivenPropertyChecks.forAll(ScalaCheckDrivenPropertyChecks.scala:1169)
	at org.scalatestplus.scalacheck.ScalaCheckDrivenPropertyChecks.forAll$(ScalaCheckDrivenPropertyChecks.scala:1137)
	at adpro.RNGSpec.forAll(StateSpec.scala:158)
	at adpro.RNGSpec.$anonfun$new$78(StateSpec.scala:241)
	at org.scalatest.OutcomeOf.outcomeOf(OutcomeOf.scala:85)
	at org.scalatest.OutcomeOf.outcomeOf$(OutcomeOf.scala:83)
	at org.scalatest.OutcomeOf$.outcomeOf(OutcomeOf.scala:104)
	at org.scalatest.Transformer.apply(Transformer.scala:22)
	at org.scalatest.Transformer.apply(Transformer.scala:20)
	at org.scalatest.freespec.AnyFreeSpecLike$$anon$1.apply(AnyFreeSpecLike.scala:406)
	at org.scalatest.TestSuite.withFixture(TestSuite.scala:196)
	at org.scalatest.TestSuite.withFixture$(TestSuite.scala:195)
	at org.scalatest.freespec.AnyFreeSpec.withFixture(AnyFreeSpec.scala:1739)
	at org.scalatest.freespec.AnyFreeSpecLike.invokeWithFixture$1(AnyFreeSpecLike.scala:404)
	at org.scalatest.freespec.AnyFreeSpecLike.$anonfun$runTest$1(AnyFreeSpecLike.scala:416)
	at org.scalatest.SuperEngine.runTestImpl(Engine.scala:306)
	at org.scalatest.freespec.AnyFreeSpecLike.runTest(AnyFreeSpecLike.scala:416)
	at org.scalatest.freespec.AnyFreeSpecLike.runTest$(AnyFreeSpecLike.scala:398)
	at org.scalatest.freespec.AnyFreeSpec.runTest(AnyFreeSpec.scala:1739)
	at org.scalatest.freespec.AnyFreeSpecLike.$anonfun$runTests$1(AnyFreeSpecLike.scala:475)
	at org.scalatest.SuperEngine.$anonfun$runTestsInBranch$1(Engine.scala:413)
	at scala.collection.immutable.List.foreach(List.scala:333)
	at org.scalatest.SuperEngine.traverseSubNodes$1(Engine.scala:401)
	at org.scalatest.SuperEngine.runTestsInBranch(Engine.scala:390)
	at org.scalatest.SuperEngine.$anonfun$runTestsInBranch$1(Engine.scala:427)
	at scala.collection.immutable.List.foreach(List.scala:333)
	at org.scalatest.SuperEngine.traverseSubNodes$1(Engine.scala:401)
	at org.scalatest.SuperEngine.runTestsInBranch(Engine.scala:396)
	at org.scalatest.SuperEngine.runTestsImpl(Engine.scala:475)
	at org.scalatest.freespec.AnyFreeSpecLike.runTests(AnyFreeSpecLike.scala:475)
	at org.scalatest.freespec.AnyFreeSpecLike.runTests$(AnyFreeSpecLike.scala:474)
	at org.scalatest.freespec.AnyFreeSpec.runTests(AnyFreeSpec.scala:1739)
	at org.scalatest.Suite.run(Suite.scala:1112)
	at org.scalatest.Suite.run$(Suite.scala:1094)
	at org.scalatest.freespec.AnyFreeSpec.org$scalatest$freespec$AnyFreeSpecLike$$super$run(AnyFreeSpec.scala:1739)
	at org.scalatest.freespec.AnyFreeSpecLike.$anonfun$run$1(AnyFreeSpecLike.scala:519)
	at org.scalatest.SuperEngine.runImpl(Engine.scala:535)
	at org.scalatest.freespec.AnyFreeSpecLike.run(AnyFreeSpecLike.scala:519)
	at org.scalatest.freespec.AnyFreeSpecLike.run$(AnyFreeSpecLike.scala:518)
	at org.scalatest.freespec.AnyFreeSpec.run(AnyFreeSpec.scala:1739)
	at org.scalatest.tools.Framework.org$scalatest$tools$Framework$$runSuite(Framework.scala:318)
	at org.scalatest.tools.Framework$ScalaTestTask.execute(Framework.scala:513)
	at sbt.TestRunner.runTest$1(TestFramework.scala:140)
	at sbt.TestRunner.run(TestFramework.scala:155)
	at sbt.TestFramework$$anon$3$$anonfun$$lessinit$greater$1.$anonfun$apply$1(TestFramework.scala:318)
	at sbt.TestFramework$.sbt$TestFramework$$withContextLoader(TestFramework.scala:278)
	at sbt.TestFramework$$anon$3$$anonfun$$lessinit$greater$1.apply(TestFramework.scala:318)
	at sbt.TestFramework$$anon$3$$anonfun$$lessinit$greater$1.apply(TestFramework.scala:318)
	at sbt.TestFunction.apply(TestFramework.scala:330)
	at sbt.Tests$.$anonfun$toTask$1(Tests.scala:435)
	at sbt.std.Transform$$anon$3.$anonfun$apply$2(Transform.scala:46)
	at sbt.std.Transform$$anon$4.work(Transform.scala:68)
	at sbt.Execute.$anonfun$submit$2(Execute.scala:282)
	at sbt.internal.util.ErrorHandling$.wideConvert(ErrorHandling.scala:23)
	at sbt.Execute.work(Execute.scala:291)
	at sbt.Execute.$anonfun$submit$1(Execute.scala:282)
	at sbt.ConcurrentRestrictions$$anon$4.$anonfun$submitValid$1(ConcurrentRestrictions.scala:265)
	at sbt.CompletionService$$anon$2.call(CompletionService.scala:64)
	at java.base/java.util.concurrent.FutureTask.run(FutureTask.java:264)
	at java.base/java.util.concurrent.Executors$RunnableAdapter.call(Executors.java:515)
	at java.base/java.util.concurrent.FutureTask.run(FutureTask.java:264)
	at java.base/java.util.concurrent.ThreadPoolExecutor.runWorker(ThreadPoolExecutor.java:1130)
	at java.base/java.util.concurrent.ThreadPoolExecutor$Worker.run(ThreadPoolExecutor.java:630)
	at java.base/java.lang.Thread.run(Thread.java:831)
Caused by: scala.NotImplementedError: an implementation is missing
	at scala.Predef$.$qmark$qmark$qmark(Predef.scala:345)
	at adpro.RNG$.sequence(State.scala:123)
	at adpro.RNGSpec.$anonfun$new$79(StateSpec.scala:242)
	at org.scalatestplus.scalacheck.ScalaCheckDrivenPropertyChecks.liftedTree12$1(ScalaCheckDrivenPropertyChecks.scala:1149)
	at org.scalatestplus.scalacheck.ScalaCheckDrivenPropertyChecks.$anonfun$forAll$17(ScalaCheckDrivenPropertyChecks.scala:1148)
	at org.scalacheck.Prop$.$anonfun$forAll$18(Prop.scala:925)
	at scala.Function1.$anonfun$andThen$1(Function1.scala:85)
	at org.scalacheck.Prop$.$anonfun$forAllShrink$2(Prop.scala:765)
	at org.scalacheck.Prop$.secure(Prop.scala:475)
	at org.scalacheck.Prop$.result$1(Prop.scala:765)
	at org.scalacheck.Prop$.$anonfun$forAllShrink$1(Prop.scala:804)
	at org.scalacheck.Prop$.$anonfun$apply$1(Prop.scala:308)
	at org.scalacheck.PropFromFun.apply(Prop.scala:21)
	at org.scalacheck.Prop$.result$1(Prop.scala:766)
	at org.scalacheck.Prop$.$anonfun$forAllShrink$1(Prop.scala:804)
	at org.scalacheck.Prop$.$anonfun$apply$1(Prop.scala:308)
	at org.scalacheck.PropFromFun.apply(Prop.scala:21)
	at org.scalacheck.Test$.workerFun$1(Test.scala:424)
	at org.scalacheck.Test$.$anonfun$check$1(Test.scala:453)
	at org.scalacheck.Test$.$anonfun$check$1$adapted(Test.scala:453)
	at org.scalacheck.Platform$.runWorkers(Platform.scala:40)
	at org.scalacheck.Test$.check(Test.scala:453)
	at org.scalatestplus.scalacheck.UnitCheckerAsserting$CheckerAssertingImpl.check(CheckerAsserting.scala:90)
	... 64 more
</failure>
                    </testcase><testcase classname="adpro.RNGSpec" name="Exercise 6 (map2) map2 should not throw exceptions (in particular '???' is removed)" time="0.016">
                      
                    </testcase><testcase classname="adpro.RNGSpec" name="Exercise 6 (map2) map2 should give an equivalent intDouble" time="0.0">
                      
                    </testcase><testcase classname="adpro.RNGSpec" name="Exercise 5 (_double) _double should not throw exceptions (in particular '???' is removed)" time="0.0">
                      
                    </testcase><testcase classname="adpro.RNGSpec" name="Exercise 5 (_double) _double and double should behave the same" time="0.0">
                      
                    </testcase><testcase classname="adpro.RNGSpec" name="Exercise 4 (ints) ints should not throw exceptions (in particular '???' is removed)" time="0.0">
                      
                    </testcase><testcase classname="adpro.RNGSpec" name="Exercise 4 (ints) your implementation should compile (so you got the return type right)" time="0.0">
                      
                    </testcase><testcase classname="adpro.RNGSpec" name="Exercise 4 (ints) returned lists should have the specified length" time="0.031">
                      
                    </testcase><testcase classname="adpro.RNGSpec" name="Exercise 4 (ints) [ints (42)] Values generated one after another should be different" time="0.016">
                      
                    </testcase><testcase classname="adpro.RNGSpec" name="Exercise 3 (intDouble,DoubleInt) the implementations should compile (so you got the return type right)" time="0.0">
                      
                    </testcase><testcase classname="adpro.RNGSpec" name="Exercise 3 (intDouble,DoubleInt) intDouble should not throw exceptions (in particular '???' is removed)" time="0.0">
                      
                    </testcase><testcase classname="adpro.RNGSpec" name="Exercise 3 (intDouble,DoubleInt) doubleInt should not throw exceptions (in particular '???' is removed)" time="0.0">
                      
                    </testcase><testcase classname="adpro.RNGSpec" name="Exercise 3 (intDouble,DoubleInt) [intDouble] Values generated one after another should be different" time="0.0">
                      
                    </testcase><testcase classname="adpro.RNGSpec" name="Exercise 3 (intDouble,DoubleInt) [doubleInt] Values generated one after another should be different" time="0.0">
                      
                    </testcase><testcase classname="adpro.RNGSpec" name="Exercise 2 (double) generated doubles are in the interval [0,1)" time="0.0">
                      
                    </testcase><testcase classname="adpro.RNGSpec" name="Exercise 2 (double) [double] Values generated one after another should be different" time="0.015">
                      
                    </testcase><testcase classname="adpro.RNGSpec" name="Exercise 1 (nonNegativeInt) generated integers are non-zero" time="0.0">
                      
                    </testcase><testcase classname="adpro.RNGSpec" name="Exercise 1 (nonNegativeInt) [nonNegativeInt] Values generated one after another should be different" time="0.0">
                      
                    </testcase>
          <system-out><![CDATA[]]></system-out>
          <system-err><![CDATA[]]></system-err>
        </testsuite>