[0m[[0m[0mdebug[0m] [0m[0m> Exec(test, Some(4fe0d323-9067-4188-a1fa-1bac40bd2d6c), Some(CommandSource(console0)))[0m
[0m[[0m[0mdebug[0m] [0m[0mEvaluating tasks: Test / test[0m
[0m[[0m[0mdebug[0m] [0m[0mRunning task... Cancel: Signal, check cycles: false, forcegc: true[0m
[0m[[0m[0minfo[0m] [0m[0mcompiling 1 Scala source to C:\Users\Tin\Documents\ITU\AdvancedProgramming\040-stream\target\scala-2.13\test-classes ...[0m
[0m[[0m[0minfo[0m] [0m[0m[32mStreamSpec:[0m[0m
[0m[[0m[0minfo[0m] [0m[0m[32mExercise 11[0m[0m
[0m[[0m[0minfo[0m] [0m[0m[31m- Unfold with immediate failure should give empty *** FAILED ***[0m[0m
[0m[[0m[0minfo[0m] [0m[0m[31m  scala.NotImplementedError: an implementation is missing[0m[0m
[0m[[0m[0minfo[0m] [0m[0m[31m  at scala.Predef$.$qmark$qmark$qmark(Predef.scala:345)[0m[0m
[0m[[0m[0minfo[0m] [0m[0m[31m  at adpro.Stream$.unfold(Stream.scala:146)[0m[0m
[0m[[0m[0minfo[0m] [0m[0m[31m  at adpro.StreamSpec.$anonfun$new$2(StreamSpec.scala:18)[0m[0m
[0m[[0m[0minfo[0m] [0m[0m[31m  at org.scalatest.OutcomeOf.outcomeOf(OutcomeOf.scala:85)[0m[0m
[0m[[0m[0minfo[0m] [0m[0m[31m  at org.scalatest.OutcomeOf.outcomeOf$(OutcomeOf.scala:83)[0m[0m
[0m[[0m[0minfo[0m] [0m[0m[31m  at org.scalatest.OutcomeOf$.outcomeOf(OutcomeOf.scala:104)[0m[0m
[0m[[0m[0minfo[0m] [0m[0m[31m  at org.scalatest.Transformer.apply(Transformer.scala:22)[0m[0m
[0m[[0m[0minfo[0m] [0m[0m[31m  at org.scalatest.Transformer.apply(Transformer.scala:20)[0m[0m
[0m[[0m[0minfo[0m] [0m[0m[31m  at org.scalatest.freespec.AnyFreeSpecLike$$anon$1.apply(AnyFreeSpecLike.scala:406)[0m[0m
[0m[[0m[0minfo[0m] [0m[0m[31m  at org.scalatest.TestSuite.withFixture(TestSuite.scala:196)[0m[0m
[0m[[0m[0minfo[0m] [0m[0m[31m  ...[0m[0m
[0m[[0m[0minfo[0m] [0m[0m[32mExercise 8[0m[0m
[0m[[0m[0minfo[0m] [0m[0m[32m- naturals.map (_*2).drop (30).take (50).toList.size should be(50)[0m[0m
[0m[[0m[0minfo[0m] [0m[0m[32m- naturals.drop (42).filter (_%2 ==0).take (30).toList[0m[0m
[0m[[0m[0minfo[0m] [0m[0m[32mExercise 7[0m[0m
[0m[[0m[0minfo[0m] [0m[0m[32m- headOption2 (empty)[0m[0m
[0m[[0m[0minfo[0m] [0m[0m[32mExercise 6[0m[0m
[0m[[0m[0minfo[0m] [0m[0m[31m- takeWhile2 (_ < 10) gives 9 naturals *** FAILED ***[0m[0m
[0m[[0m[0minfo[0m] [0m[0m[31m  scala.NotImplementedError: an implementation is missing[0m[0m
[0m[[0m[0minfo[0m] [0m[0m[31m  at scala.Predef$.$qmark$qmark$qmark(Predef.scala:345)[0m[0m
[0m[[0m[0minfo[0m] [0m[0m[31m  at adpro.Stream.takeWhile2(Stream.scala:83)[0m[0m
[0m[[0m[0minfo[0m] [0m[0m[31m  at adpro.Stream.takeWhile2$(Stream.scala:83)[0m[0m
[0m[[0m[0minfo[0m] [0m[0m[31m  at adpro.Cons.takeWhile2(Stream.scala:113)[0m[0m
[0m[[0m[0minfo[0m] [0m[0m[31m  at adpro.StreamSpec.$anonfun$new$12(StreamSpec.scala:38)[0m[0m
[0m[[0m[0minfo[0m] [0m[0m[31m  at org.scalatest.OutcomeOf.outcomeOf(OutcomeOf.scala:85)[0m[0m
[0m[[0m[0minfo[0m] [0m[0m[31m  at org.scalatest.OutcomeOf.outcomeOf$(OutcomeOf.scala:83)[0m[0m
[0m[[0m[0minfo[0m] [0m[0m[31m  at org.scalatest.OutcomeOf$.outcomeOf(OutcomeOf.scala:104)[0m[0m
[0m[[0m[0minfo[0m] [0m[0m[31m  at org.scalatest.Transformer.apply(Transformer.scala:22)[0m[0m
[0m[[0m[0minfo[0m] [0m[0m[31m  at org.scalatest.Transformer.apply(Transformer.scala:20)[0m[0m
[0m[[0m[0minfo[0m] [0m[0m[31m  ...[0m[0m
[0m[[0m[0minfo[0m] [0m[0m[32mExercise 5[0m[0m
[0m[[0m[0minfo[0m] [0m[0m[32m- The succesful test from the exercise text[0m[0m
[0m[[0m[0minfo[0m] [0m[0m[32mExercise 4[0m[0m
[0m[[0m[0minfo[0m] [0m[0m[32m- takeWhile (_ < 10) gives 9 naturals[0m[0m
[0m[[0m[0minfo[0m] [0m[0m[32m- naturals.takeWhile {_ < 1000000000 }.drop (100).take (50).toList should not crash[0m[0m
[0m[[0m[0minfo[0m] [0m[0m[32mExercise 3[0m[0m
[0m[[0m[0minfo[0m] [0m[0m[32m- naturals.take (3) is Stream (1,2,3) [0m[0m
[0m[[0m[0minfo[0m] [0m[0m[32m- naturals.drop (3) is Stream (4,5,6,...) [0m[0m
[0m[[0m[0minfo[0m] [0m[0m[32m- naturals.take (1000000000).drop (41).take (10).toList should not crash[0m[0m
[0m[[0m[0minfo[0m] [0m[0m[32mExercise 2[0m[0m
[0m[[0m[0minfo[0m] [0m[0m[32m- The Stream(1,2,3).toList is List(1,2,3)[0m[0m
[0m[[0m[0minfo[0m] [0m[0m[32mExercise 1[0m[0m
[0m[[0m[0minfo[0m] [0m[0m[32m- The first element of Stream.from (3) is 3[0m[0m
[0m[[0m[0minfo[0m] [0m[0m[32m- The second element of Stream.from (3) is 4[0m[0m
[0m[[0m[0minfo[0m] [0m[0m[32m- The first element of Stream.to (3) is 3[0m[0m
[0m[[0m[0minfo[0m] [0m[0m[32m- The second element of Stream.to(3) is 2[0m[0m
[0m[[0m[0minfo[0m] [0m[0m[32m- The first element of naturals is 1[0m[0m
[0m[[0m[0minfo[0m] [0m[0m[36mRun completed in 709 milliseconds.[0m[0m
[0m[[0m[0minfo[0m] [0m[0m[36mTotal number of tests run: 17[0m[0m
[0m[[0m[0minfo[0m] [0m[0m[36mSuites: completed 1, aborted 0[0m[0m
[0m[[0m[0minfo[0m] [0m[0m[36mTests: succeeded 15, failed 2, canceled 0, ignored 0, pending 0[0m[0m
[0m[[0m[0minfo[0m] [0m[0m[31m*** 2 TESTS FAILED ***[0m[0m
[0m[[0m[31merror[0m] [0m[0mFailed tests:[0m
[0m[[0m[31merror[0m] [0m[0m	adpro.StreamSpec[0m
[0m[[0m[31merror[0m] [0m[0m(Test / [31mtest[0m) sbt.TestsFailedException: Tests unsuccessful[0m
[0m[[0m[31merror[0m] [0m[0mTotal time: 4 s, completed 23. ruj 2021. 18:09:00[0m
[0m[[0m[0mdebug[0m] [0m[0m> Exec(shell, None, None)[0m
[0m[[0m[31merror[0m] [0m[0mserver failed to start on local:sbt-server-c70b270f59b21cae6515. java.io.IOException: Could not create lock for \\.\pipe\sbt-server-c70b270f59b21cae6515_lock, error 5[0m
